mode: set
github.com/mvirtai/clible-v3-go/internal/config/config.go:21.34,23.113 2 1
github.com/mvirtai/clible-v3-go/internal/config/config.go:23.113,25.3 1 0
github.com/mvirtai/clible-v3-go/internal/config/config.go:26.2,26.12 1 1
github.com/mvirtai/clible-v3-go/internal/config/config.go:30.21,34.24 3 1
github.com/mvirtai/clible-v3-go/internal/config/config.go:34.24,36.3 1 1
github.com/mvirtai/clible-v3-go/internal/config/config.go:38.2,39.21 2 1
github.com/mvirtai/clible-v3-go/internal/config/config.go:39.21,41.3 1 1
github.com/mvirtai/clible-v3-go/internal/config/config.go:43.2,44.25 2 1
github.com/mvirtai/clible-v3-go/internal/config/config.go:44.25,46.3 1 1
github.com/mvirtai/clible-v3-go/internal/config/config.go:48.2,49.23 2 1
github.com/mvirtai/clible-v3-go/internal/config/config.go:49.23,51.3 1 1
github.com/mvirtai/clible-v3-go/internal/config/config.go:53.2,54.16 2 1
github.com/mvirtai/clible-v3-go/internal/config/config.go:54.16,56.3 1 1
github.com/mvirtai/clible-v3-go/internal/config/config.go:58.2,59.23 2 1
github.com/mvirtai/clible-v3-go/internal/config/config.go:59.23,61.3 1 1
github.com/mvirtai/clible-v3-go/internal/config/config.go:63.2,64.23 2 1
github.com/mvirtai/clible-v3-go/internal/config/config.go:64.23,66.3 1 1
github.com/mvirtai/clible-v3-go/internal/config/config.go:68.2,69.15 2 1
github.com/mvirtai/clible-v3-go/internal/config/config.go:69.15,71.3 1 1
github.com/mvirtai/clible-v3-go/internal/config/config.go:72.2,72.15 1 1
github.com/mvirtai/clible-v3-go/internal/config/config.go:72.15,74.3 1 1
github.com/mvirtai/clible-v3-go/internal/config/config.go:76.2,86.3 1 1
github.com/mvirtai/clible-v3-go/internal/middleware/auth_middleware.go:15.85,16.46 1 0
github.com/mvirtai/clible-v3-go/internal/middleware/auth_middleware.go:16.46,17.72 1 0
github.com/mvirtai/clible-v3-go/internal/middleware/auth_middleware.go:17.72,19.18 2 0
github.com/mvirtai/clible-v3-go/internal/middleware/auth_middleware.go:19.18,22.5 2 0
github.com/mvirtai/clible-v3-go/internal/middleware/auth_middleware.go:24.4,25.18 2 0
github.com/mvirtai/clible-v3-go/internal/middleware/auth_middleware.go:25.18,36.5 3 0
github.com/mvirtai/clible-v3-go/internal/middleware/auth_middleware.go:39.4,40.41 2 0
github.com/mvirtai/clible-v3-go/internal/middleware/auth_middleware.go:46.52,48.2 1 0
github.com/mvirtai/clible-v3-go/internal/middleware/cors.go:11.43,12.71 1 1
github.com/mvirtai/clible-v3-go/internal/middleware/cors.go:12.71,14.29 2 1
github.com/mvirtai/clible-v3-go/internal/middleware/cors.go:14.29,17.4 2 1
github.com/mvirtai/clible-v3-go/internal/middleware/cors.go:18.3,22.37 3 1
github.com/mvirtai/clible-v3-go/internal/middleware/cors.go:22.37,25.4 2 1
github.com/mvirtai/clible-v3-go/internal/middleware/cors.go:27.3,27.23 1 1
github.com/mvirtai/clible-v3-go/internal/middleware/logger.go:18.58,21.2 2 1
github.com/mvirtai/clible-v3-go/internal/middleware/logger.go:24.35,25.9 1 1
github.com/mvirtai/clible-v3-go/internal/middleware/logger.go:26.18,27.15 1 1
github.com/mvirtai/clible-v3-go/internal/middleware/logger.go:28.18,29.19 1 1
github.com/mvirtai/clible-v3-go/internal/middleware/logger.go:30.18,31.19 1 1
github.com/mvirtai/clible-v3-go/internal/middleware/logger.go:32.10,33.16 1 1
github.com/mvirtai/clible-v3-go/internal/middleware/logger.go:38.45,39.26 1 1
github.com/mvirtai/clible-v3-go/internal/middleware/logger.go:39.26,41.3 1 1
github.com/mvirtai/clible-v3-go/internal/middleware/logger.go:42.2,42.21 1 1
github.com/mvirtai/clible-v3-go/internal/middleware/logger.go:42.21,44.3 1 1
github.com/mvirtai/clible-v3-go/internal/middleware/logger.go:45.2,45.42 1 1
github.com/mvirtai/clible-v3-go/internal/middleware/logger.go:50.38,51.88 1 1
github.com/mvirtai/clible-v3-go/internal/middleware/logger.go:51.88,52.35 1 1
github.com/mvirtai/clible-v3-go/internal/middleware/logger.go:52.35,54.4 1 1
github.com/mvirtai/clible-v3-go/internal/middleware/logger.go:56.2,56.14 1 1
github.com/mvirtai/clible-v3-go/internal/middleware/logger.go:61.45,62.71 1 1
github.com/mvirtai/clible-v3-go/internal/middleware/logger.go:62.71,66.32 2 1
github.com/mvirtai/clible-v3-go/internal/middleware/logger.go:66.32,69.4 2 1
github.com/mvirtai/clible-v3-go/internal/middleware/logger.go:71.3,93.4 6 1
github.com/mvirtai/clible-v3-go/internal/middleware/ratelimit.go:30.59,42.2 3 0
github.com/mvirtai/clible-v3-go/internal/middleware/ratelimit.go:45.61,50.13 4 0
github.com/mvirtai/clible-v3-go/internal/middleware/ratelimit.go:50.13,57.3 3 0
github.com/mvirtai/clible-v3-go/internal/middleware/ratelimit.go:59.2,60.18 2 0
github.com/mvirtai/clible-v3-go/internal/middleware/ratelimit.go:63.45,64.6 1 0
github.com/mvirtai/clible-v3-go/internal/middleware/ratelimit.go:64.6,67.28 3 0
github.com/mvirtai/clible-v3-go/internal/middleware/ratelimit.go:67.28,68.43 1 0
github.com/mvirtai/clible-v3-go/internal/middleware/ratelimit.go:68.43,70.5 1 0
github.com/mvirtai/clible-v3-go/internal/middleware/ratelimit.go:72.3,72.13 1 0
github.com/mvirtai/clible-v3-go/internal/middleware/ratelimit.go:77.82,78.46 1 0
github.com/mvirtai/clible-v3-go/internal/middleware/ratelimit.go:78.46,79.72 1 0
github.com/mvirtai/clible-v3-go/internal/middleware/ratelimit.go:79.72,81.18 2 0
github.com/mvirtai/clible-v3-go/internal/middleware/ratelimit.go:81.18,83.5 1 0
github.com/mvirtai/clible-v3-go/internal/middleware/ratelimit.go:86.4,86.40 1 0
github.com/mvirtai/clible-v3-go/internal/middleware/ratelimit.go:86.40,89.5 2 0
github.com/mvirtai/clible-v3-go/internal/middleware/ratelimit.go:91.4,92.20 2 0
github.com/mvirtai/clible-v3-go/internal/middleware/ratelimit.go:92.20,95.5 2 0
github.com/mvirtai/clible-v3-go/internal/middleware/ratelimit.go:97.4,97.24 1 0
github.com/mvirtai/clible-v3-go/internal/middleware/recovery.go:9.47,10.71 1 1
github.com/mvirtai/clible-v3-go/internal/middleware/recovery.go:10.71,11.16 1 1
github.com/mvirtai/clible-v3-go/internal/middleware/recovery.go:11.16,12.36 1 1
github.com/mvirtai/clible-v3-go/internal/middleware/recovery.go:12.36,22.5 4 1
github.com/mvirtai/clible-v3-go/internal/middleware/recovery.go:25.3,25.23 1 1
github.com/mvirtai/clible-v3-go/internal/parsers/book_aliases.go:24.13,26.2 1 1
github.com/mvirtai/clible-v3-go/internal/parsers/book_aliases.go:30.51,32.53 2 1
github.com/mvirtai/clible-v3-go/internal/parsers/book_aliases.go:32.53,34.77 1 0
github.com/mvirtai/clible-v3-go/internal/parsers/book_aliases.go:37.2,38.31 2 1
github.com/mvirtai/clible-v3-go/internal/parsers/book_aliases.go:38.31,58.41 8 1
github.com/mvirtai/clible-v3-go/internal/parsers/book_aliases.go:58.41,61.4 2 1
github.com/mvirtai/clible-v3-go/internal/parsers/book_aliases.go:63.2,63.10 1 1
github.com/mvirtai/clible-v3-go/internal/parsers/book_aliases.go:69.59,71.15 2 1
github.com/mvirtai/clible-v3-go/internal/parsers/book_aliases.go:71.15,73.3 1 0
github.com/mvirtai/clible-v3-go/internal/parsers/book_aliases.go:74.2,74.34 1 1
github.com/mvirtai/clible-v3-go/internal/parsers/book_aliases.go:74.34,76.3 1 1
github.com/mvirtai/clible-v3-go/internal/parsers/book_aliases.go:81.68,84.41 3 1
github.com/mvirtai/clible-v3-go/internal/parsers/book_aliases.go:84.41,86.3 1 1
github.com/mvirtai/clible-v3-go/internal/parsers/book_aliases.go:87.2,87.40 1 1
github.com/mvirtai/clible-v3-go/internal/parsers/book_aliases.go:87.40,89.3 1 1
github.com/mvirtai/clible-v3-go/internal/parsers/book_aliases.go:104.40,109.2 4 1
github.com/mvirtai/clible-v3-go/internal/parsers/book_aliases.go:114.39,116.44 2 1
github.com/mvirtai/clible-v3-go/internal/parsers/book_aliases.go:116.44,118.3 1 1
github.com/mvirtai/clible-v3-go/internal/parsers/book_aliases.go:120.2,120.48 1 0
github.com/mvirtai/clible-v3-go/internal/parsers/reference_parser.go:58.61,60.19 2 1
github.com/mvirtai/clible-v3-go/internal/parsers/reference_parser.go:60.19,62.3 1 1
github.com/mvirtai/clible-v3-go/internal/parsers/reference_parser.go:66.2,76.23 4 1
github.com/mvirtai/clible-v3-go/internal/parsers/reference_parser.go:76.23,78.3 1 1
github.com/mvirtai/clible-v3-go/internal/parsers/reference_parser.go:81.2,85.22 3 1
github.com/mvirtai/clible-v3-go/internal/parsers/reference_parser.go:85.22,90.3 1 1
github.com/mvirtai/clible-v3-go/internal/parsers/reference_parser.go:92.2,93.16 2 1
github.com/mvirtai/clible-v3-go/internal/parsers/reference_parser.go:93.16,95.3 1 0
github.com/mvirtai/clible-v3-go/internal/parsers/reference_parser.go:98.2,98.22 1 1
github.com/mvirtai/clible-v3-go/internal/parsers/reference_parser.go:98.22,104.3 1 1
github.com/mvirtai/clible-v3-go/internal/parsers/reference_parser.go:106.2,107.16 2 1
github.com/mvirtai/clible-v3-go/internal/parsers/reference_parser.go:107.16,109.3 1 0
github.com/mvirtai/clible-v3-go/internal/parsers/reference_parser.go:111.2,112.22 2 1
github.com/mvirtai/clible-v3-go/internal/parsers/reference_parser.go:112.22,114.17 2 1
github.com/mvirtai/clible-v3-go/internal/parsers/reference_parser.go:114.17,116.4 1 0
github.com/mvirtai/clible-v3-go/internal/parsers/reference_parser.go:119.2,125.8 1 1
github.com/mvirtai/clible-v3-go/internal/parsers/xml_parser.go:29.42,31.2 1 1
github.com/mvirtai/clible-v3-go/internal/parsers/xml_parser.go:34.92,44.28 8 1
github.com/mvirtai/clible-v3-go/internal/parsers/xml_parser.go:44.28,45.15 1 1
github.com/mvirtai/clible-v3-go/internal/parsers/xml_parser.go:45.15,47.4 1 1
github.com/mvirtai/clible-v3-go/internal/parsers/xml_parser.go:48.3,52.81 4 1
github.com/mvirtai/clible-v3-go/internal/parsers/xml_parser.go:52.81,59.38 2 1
github.com/mvirtai/clible-v3-go/internal/parsers/xml_parser.go:59.38,61.5 1 1
github.com/mvirtai/clible-v3-go/internal/parsers/xml_parser.go:63.3,63.13 1 1
github.com/mvirtai/clible-v3-go/internal/parsers/xml_parser.go:66.2,66.6 1 1
github.com/mvirtai/clible-v3-go/internal/parsers/xml_parser.go:66.6,68.20 2 1
github.com/mvirtai/clible-v3-go/internal/parsers/xml_parser.go:68.20,69.9 1 1
github.com/mvirtai/clible-v3-go/internal/parsers/xml_parser.go:71.3,71.17 1 1
github.com/mvirtai/clible-v3-go/internal/parsers/xml_parser.go:71.17,73.4 1 1
github.com/mvirtai/clible-v3-go/internal/parsers/xml_parser.go:75.3,75.29 1 1
github.com/mvirtai/clible-v3-go/internal/parsers/xml_parser.go:76.25,79.19 2 1
github.com/mvirtai/clible-v3-go/internal/parsers/xml_parser.go:80.16,82.34 2 1
github.com/mvirtai/clible-v3-go/internal/parsers/xml_parser.go:82.34,83.29 1 1
github.com/mvirtai/clible-v3-go/internal/parsers/xml_parser.go:84.16,85.31 1 1
github.com/mvirtai/clible-v3-go/internal/parsers/xml_parser.go:86.20,88.71 2 1
github.com/mvirtai/clible-v3-go/internal/parsers/xml_parser.go:88.71,89.58 1 1
github.com/mvirtai/clible-v3-go/internal/parsers/xml_parser.go:89.58,91.9 1 1
github.com/mvirtai/clible-v3-go/internal/parsers/xml_parser.go:95.24,97.34 2 1
github.com/mvirtai/clible-v3-go/internal/parsers/xml_parser.go:97.34,98.64 1 1
github.com/mvirtai/clible-v3-go/internal/parsers/xml_parser.go:98.64,101.7 1 1
github.com/mvirtai/clible-v3-go/internal/parsers/xml_parser.go:103.22,105.34 2 1
github.com/mvirtai/clible-v3-go/internal/parsers/xml_parser.go:105.34,106.34 1 1
github.com/mvirtai/clible-v3-go/internal/parsers/xml_parser.go:106.34,108.12 2 1
github.com/mvirtai/clible-v3-go/internal/parsers/xml_parser.go:111.5,111.14 1 1
github.com/mvirtai/clible-v3-go/internal/parsers/xml_parser.go:111.14,112.40 1 1
github.com/mvirtai/clible-v3-go/internal/parsers/xml_parser.go:112.40,114.7 1 0
github.com/mvirtai/clible-v3-go/internal/parsers/xml_parser.go:115.6,116.11 2 1
github.com/mvirtai/clible-v3-go/internal/parsers/xml_parser.go:119.5,119.39 1 1
github.com/mvirtai/clible-v3-go/internal/parsers/xml_parser.go:119.39,121.6 1 0
github.com/mvirtai/clible-v3-go/internal/parsers/xml_parser.go:122.5,123.34 2 1
github.com/mvirtai/clible-v3-go/internal/parsers/xml_parser.go:123.34,124.29 1 1
github.com/mvirtai/clible-v3-go/internal/parsers/xml_parser.go:125.26,127.76 1 1
github.com/mvirtai/clible-v3-go/internal/parsers/xml_parser.go:128.20,131.26 2 1
github.com/mvirtai/clible-v3-go/internal/parsers/xml_parser.go:131.26,136.8 3 1
github.com/mvirtai/clible-v3-go/internal/parsers/xml_parser.go:139.5,140.24 2 1
github.com/mvirtai/clible-v3-go/internal/parsers/xml_parser.go:141.14,142.39 1 1
github.com/mvirtai/clible-v3-go/internal/parsers/xml_parser.go:142.39,144.6 1 0
github.com/mvirtai/clible-v3-go/internal/parsers/xml_parser.go:145.18,146.16 1 1
github.com/mvirtai/clible-v3-go/internal/parsers/xml_parser.go:149.23,151.19 2 1
github.com/mvirtai/clible-v3-go/internal/parsers/xml_parser.go:152.22,153.41 1 1
github.com/mvirtai/clible-v3-go/internal/parsers/xml_parser.go:153.41,154.40 1 1
github.com/mvirtai/clible-v3-go/internal/parsers/xml_parser.go:154.40,156.7 1 1
github.com/mvirtai/clible-v3-go/internal/parsers/xml_parser.go:158.18,159.22 1 1
github.com/mvirtai/clible-v3-go/internal/parsers/xml_parser.go:159.22,161.6 1 1
github.com/mvirtai/clible-v3-go/internal/parsers/xml_parser.go:164.21,165.33 1 1
github.com/mvirtai/clible-v3-go/internal/parsers/xml_parser.go:165.33,167.5 1 1
github.com/mvirtai/clible-v3-go/internal/parsers/xml_parser.go:171.2,171.20 1 1
github.com/mvirtai/clible-v3-go/internal/ctxkeys/ctxkeys.go:10.52,13.2 2 0
github.com/mvirtai/clible-v3-go/internal/db/book_repo.go:17.53,19.2 1 1
github.com/mvirtai/clible-v3-go/internal/db/book_repo.go:22.77,28.16 2 1
github.com/mvirtai/clible-v3-go/internal/db/book_repo.go:28.16,30.3 1 0
github.com/mvirtai/clible-v3-go/internal/db/book_repo.go:31.2,31.15 1 1
github.com/mvirtai/clible-v3-go/internal/db/book_repo.go:31.15,31.35 1 1
github.com/mvirtai/clible-v3-go/internal/db/book_repo.go:33.2,34.18 2 1
github.com/mvirtai/clible-v3-go/internal/db/book_repo.go:34.18,36.91 2 1
github.com/mvirtai/clible-v3-go/internal/db/book_repo.go:36.91,38.4 1 0
github.com/mvirtai/clible-v3-go/internal/db/book_repo.go:39.3,39.27 1 1
github.com/mvirtai/clible-v3-go/internal/db/book_repo.go:42.2,42.26 1 1
github.com/mvirtai/clible-v3-go/internal/db/book_repo.go:46.88,54.17 3 1
github.com/mvirtai/clible-v3-go/internal/db/book_repo.go:54.17,55.27 1 1
github.com/mvirtai/clible-v3-go/internal/db/book_repo.go:55.27,57.4 1 1
github.com/mvirtai/clible-v3-go/internal/db/book_repo.go:58.3,58.64 1 0
github.com/mvirtai/clible-v3-go/internal/db/book_repo.go:61.2,61.16 1 1
github.com/mvirtai/clible-v3-go/internal/db/connection.go:14.56,18.102 3 1
github.com/mvirtai/clible-v3-go/internal/db/connection.go:18.102,20.59 1 0
github.com/mvirtai/clible-v3-go/internal/db/connection.go:20.59,21.42 1 0
github.com/mvirtai/clible-v3-go/internal/db/connection.go:21.42,23.5 1 0
github.com/mvirtai/clible-v3-go/internal/db/connection.go:23.10,25.5 1 0
github.com/mvirtai/clible-v3-go/internal/db/connection.go:27.3,28.17 2 0
github.com/mvirtai/clible-v3-go/internal/db/connection.go:28.17,30.4 1 0
github.com/mvirtai/clible-v3-go/internal/db/connection.go:31.8,34.17 2 1
github.com/mvirtai/clible-v3-go/internal/db/connection.go:34.17,36.4 1 0
github.com/mvirtai/clible-v3-go/internal/db/connection.go:39.3,39.64 1 1
github.com/mvirtai/clible-v3-go/internal/db/connection.go:39.64,42.4 2 0
github.com/mvirtai/clible-v3-go/internal/db/connection.go:45.3,45.65 1 1
github.com/mvirtai/clible-v3-go/internal/db/connection.go:45.65,48.4 2 0
github.com/mvirtai/clible-v3-go/internal/db/connection.go:51.3,51.66 1 1
github.com/mvirtai/clible-v3-go/internal/db/connection.go:51.66,54.4 2 0
github.com/mvirtai/clible-v3-go/internal/db/connection.go:59.2,64.42 4 1
github.com/mvirtai/clible-v3-go/internal/db/connection.go:64.42,67.3 2 0
github.com/mvirtai/clible-v3-go/internal/db/connection.go:69.2,69.16 1 1
github.com/mvirtai/clible-v3-go/internal/db/migrations.go:13.38,21.16 2 1
github.com/mvirtai/clible-v3-go/internal/db/migrations.go:21.16,23.3 1 0
github.com/mvirtai/clible-v3-go/internal/db/migrations.go:26.2,27.16 2 1
github.com/mvirtai/clible-v3-go/internal/db/migrations.go:27.16,29.3 1 0
github.com/mvirtai/clible-v3-go/internal/db/migrations.go:32.2,33.32 2 1
github.com/mvirtai/clible-v3-go/internal/db/migrations.go:33.32,34.64 1 1
github.com/mvirtai/clible-v3-go/internal/db/migrations.go:34.64,36.4 1 1
github.com/mvirtai/clible-v3-go/internal/db/migrations.go:38.2,41.36 2 1
github.com/mvirtai/clible-v3-go/internal/db/migrations.go:41.36,44.17 3 1
github.com/mvirtai/clible-v3-go/internal/db/migrations.go:44.17,46.4 1 0
github.com/mvirtai/clible-v3-go/internal/db/migrations.go:49.3,51.17 3 1
github.com/mvirtai/clible-v3-go/internal/db/migrations.go:51.17,53.4 1 0
github.com/mvirtai/clible-v3-go/internal/db/migrations.go:55.3,55.21 1 1
github.com/mvirtai/clible-v3-go/internal/db/migrations.go:55.21,56.12 1 0
github.com/mvirtai/clible-v3-go/internal/db/migrations.go:60.3,61.17 2 1
github.com/mvirtai/clible-v3-go/internal/db/migrations.go:61.17,63.4 1 0
github.com/mvirtai/clible-v3-go/internal/db/migrations.go:65.3,71.17 4 1
github.com/mvirtai/clible-v3-go/internal/db/migrations.go:71.17,72.20 1 0
github.com/mvirtai/clible-v3-go/internal/db/migrations.go:73.33,74.113 1 0
github.com/mvirtai/clible-v3-go/internal/db/migrations.go:75.42,76.39 1 0
github.com/mvirtai/clible-v3-go/internal/db/migrations.go:78.9,80.39 1 1
github.com/mvirtai/clible-v3-go/internal/db/migrations.go:80.39,85.5 4 1
github.com/mvirtai/clible-v3-go/internal/db/migrations.go:89.3,90.17 2 1
github.com/mvirtai/clible-v3-go/internal/db/migrations.go:90.17,92.4 1 0
github.com/mvirtai/clible-v3-go/internal/db/migrations.go:94.3,94.53 1 1
github.com/mvirtai/clible-v3-go/internal/db/migrations.go:94.53,98.4 2 0
github.com/mvirtai/clible-v3-go/internal/db/migrations.go:100.3,100.94 1 1
github.com/mvirtai/clible-v3-go/internal/db/migrations.go:100.94,104.4 2 0
github.com/mvirtai/clible-v3-go/internal/db/migrations.go:106.3,106.37 1 1
github.com/mvirtai/clible-v3-go/internal/db/migrations.go:106.37,108.4 1 0
github.com/mvirtai/clible-v3-go/internal/db/migrations.go:111.2,111.12 1 1
github.com/mvirtai/clible-v3-go/internal/db/notebook_repo.go:18.60,20.2 1 1
github.com/mvirtai/clible-v3-go/internal/db/notebook_repo.go:22.85,28.16 3 1
github.com/mvirtai/clible-v3-go/internal/db/notebook_repo.go:28.16,30.3 1 0
github.com/mvirtai/clible-v3-go/internal/db/notebook_repo.go:31.2,31.12 1 1
github.com/mvirtai/clible-v3-go/internal/db/notebook_repo.go:34.96,49.26 4 1
github.com/mvirtai/clible-v3-go/internal/db/notebook_repo.go:49.26,51.3 1 1
github.com/mvirtai/clible-v3-go/internal/db/notebook_repo.go:52.2,52.16 1 1
github.com/mvirtai/clible-v3-go/internal/db/notebook_repo.go:52.16,54.3 1 0
github.com/mvirtai/clible-v3-go/internal/db/notebook_repo.go:55.2,56.17 2 1
github.com/mvirtai/clible-v3-go/internal/db/notebook_repo.go:59.105,67.16 3 1
github.com/mvirtai/clible-v3-go/internal/db/notebook_repo.go:67.16,69.3 1 0
github.com/mvirtai/clible-v3-go/internal/db/notebook_repo.go:70.2,70.15 1 1
github.com/mvirtai/clible-v3-go/internal/db/notebook_repo.go:70.15,70.35 1 1
github.com/mvirtai/clible-v3-go/internal/db/notebook_repo.go:72.2,73.18 2 1
github.com/mvirtai/clible-v3-go/internal/db/notebook_repo.go:73.18,83.17 3 1
github.com/mvirtai/clible-v3-go/internal/db/notebook_repo.go:83.17,85.4 1 0
github.com/mvirtai/clible-v3-go/internal/db/notebook_repo.go:86.3,87.36 2 1
github.com/mvirtai/clible-v3-go/internal/db/notebook_repo.go:89.2,89.34 1 1
github.com/mvirtai/clible-v3-go/internal/db/notebook_repo.go:89.34,91.3 1 0
github.com/mvirtai/clible-v3-go/internal/db/notebook_repo.go:92.2,92.23 1 1
github.com/mvirtai/clible-v3-go/internal/db/notebook_repo.go:95.107,96.19 1 0
github.com/mvirtai/clible-v3-go/internal/db/notebook_repo.go:96.19,98.3 1 0
github.com/mvirtai/clible-v3-go/internal/db/notebook_repo.go:99.2,106.16 3 0
github.com/mvirtai/clible-v3-go/internal/db/notebook_repo.go:106.16,108.3 1 0
github.com/mvirtai/clible-v3-go/internal/db/notebook_repo.go:109.2,109.15 1 0
github.com/mvirtai/clible-v3-go/internal/db/notebook_repo.go:109.15,109.35 1 0
github.com/mvirtai/clible-v3-go/internal/db/notebook_repo.go:111.2,112.18 2 0
github.com/mvirtai/clible-v3-go/internal/db/notebook_repo.go:112.18,122.17 3 0
github.com/mvirtai/clible-v3-go/internal/db/notebook_repo.go:122.17,124.4 1 0
github.com/mvirtai/clible-v3-go/internal/db/notebook_repo.go:125.3,126.36 2 0
github.com/mvirtai/clible-v3-go/internal/db/notebook_repo.go:128.2,128.34 1 0
github.com/mvirtai/clible-v3-go/internal/db/notebook_repo.go:128.34,130.3 1 0
github.com/mvirtai/clible-v3-go/internal/db/notebook_repo.go:131.2,131.23 1 0
github.com/mvirtai/clible-v3-go/internal/db/notebook_repo.go:134.85,141.16 3 1
github.com/mvirtai/clible-v3-go/internal/db/notebook_repo.go:141.16,143.3 1 0
github.com/mvirtai/clible-v3-go/internal/db/notebook_repo.go:144.2,144.12 1 1
github.com/mvirtai/clible-v3-go/internal/db/notebook_repo.go:147.75,150.16 3 1
github.com/mvirtai/clible-v3-go/internal/db/notebook_repo.go:150.16,152.3 1 0
github.com/mvirtai/clible-v3-go/internal/db/notebook_repo.go:153.2,153.12 1 1
github.com/mvirtai/clible-v3-go/internal/db/notebook_repo.go:156.107,158.16 2 1
github.com/mvirtai/clible-v3-go/internal/db/notebook_repo.go:158.16,160.3 1 0
github.com/mvirtai/clible-v3-go/internal/db/notebook_repo.go:161.2,161.15 1 1
github.com/mvirtai/clible-v3-go/internal/db/notebook_repo.go:161.15,161.36 1 1
github.com/mvirtai/clible-v3-go/internal/db/notebook_repo.go:163.2,164.16 2 1
github.com/mvirtai/clible-v3-go/internal/db/notebook_repo.go:164.16,166.3 1 0
github.com/mvirtai/clible-v3-go/internal/db/notebook_repo.go:168.2,173.29 3 1
github.com/mvirtai/clible-v3-go/internal/db/notebook_repo.go:173.29,174.20 1 1
github.com/mvirtai/clible-v3-go/internal/db/notebook_repo.go:174.20,176.4 1 0
github.com/mvirtai/clible-v3-go/internal/db/notebook_repo.go:177.3,178.19 2 1
github.com/mvirtai/clible-v3-go/internal/db/notebook_repo.go:178.19,180.4 1 1
github.com/mvirtai/clible-v3-go/internal/db/notebook_repo.go:181.3,182.19 2 1
github.com/mvirtai/clible-v3-go/internal/db/notebook_repo.go:182.19,184.4 1 1
github.com/mvirtai/clible-v3-go/internal/db/notebook_repo.go:186.3,187.29 2 1
github.com/mvirtai/clible-v3-go/internal/db/notebook_repo.go:187.29,189.4 1 1
github.com/mvirtai/clible-v3-go/internal/db/notebook_repo.go:191.3,201.17 2 1
github.com/mvirtai/clible-v3-go/internal/db/notebook_repo.go:201.17,203.4 1 0
github.com/mvirtai/clible-v3-go/internal/db/notebook_repo.go:206.2,206.35 1 1
github.com/mvirtai/clible-v3-go/internal/db/notebook_repo.go:206.35,208.3 1 0
github.com/mvirtai/clible-v3-go/internal/db/notebook_repo.go:209.2,209.12 1 1
github.com/mvirtai/clible-v3-go/internal/db/notebook_repo.go:212.102,220.16 3 1
github.com/mvirtai/clible-v3-go/internal/db/notebook_repo.go:220.16,222.3 1 0
github.com/mvirtai/clible-v3-go/internal/db/notebook_repo.go:223.2,223.15 1 1
github.com/mvirtai/clible-v3-go/internal/db/notebook_repo.go:223.15,223.35 1 1
github.com/mvirtai/clible-v3-go/internal/db/notebook_repo.go:225.2,226.18 2 1
github.com/mvirtai/clible-v3-go/internal/db/notebook_repo.go:226.18,239.17 4 1
github.com/mvirtai/clible-v3-go/internal/db/notebook_repo.go:239.17,241.4 1 0
github.com/mvirtai/clible-v3-go/internal/db/notebook_repo.go:242.3,242.24 1 1
github.com/mvirtai/clible-v3-go/internal/db/notebook_repo.go:242.24,244.4 1 1
github.com/mvirtai/clible-v3-go/internal/db/notebook_repo.go:245.3,245.30 1 1
github.com/mvirtai/clible-v3-go/internal/db/notebook_repo.go:247.2,247.34 1 1
github.com/mvirtai/clible-v3-go/internal/db/notebook_repo.go:247.34,249.3 1 0
github.com/mvirtai/clible-v3-go/internal/db/notebook_repo.go:250.2,250.19 1 1
github.com/mvirtai/clible-v3-go/internal/db/notebook_repo.go:253.108,260.16 3 0
github.com/mvirtai/clible-v3-go/internal/db/notebook_repo.go:260.16,262.3 1 0
github.com/mvirtai/clible-v3-go/internal/db/notebook_repo.go:263.2,263.12 1 0
github.com/mvirtai/clible-v3-go/internal/db/saved_repo.go:17.54,19.2 1 1
github.com/mvirtai/clible-v3-go/internal/db/saved_repo.go:22.88,29.24 3 1
github.com/mvirtai/clible-v3-go/internal/db/saved_repo.go:29.24,31.3 1 0
github.com/mvirtai/clible-v3-go/internal/db/saved_repo.go:33.2,34.27 2 1
github.com/mvirtai/clible-v3-go/internal/db/saved_repo.go:34.27,36.3 1 1
github.com/mvirtai/clible-v3-go/internal/db/saved_repo.go:38.2,41.16 2 1
github.com/mvirtai/clible-v3-go/internal/db/saved_repo.go:41.16,43.3 1 0
github.com/mvirtai/clible-v3-go/internal/db/saved_repo.go:44.2,44.12 1 1
github.com/mvirtai/clible-v3-go/internal/db/saved_repo.go:48.113,55.16 3 1
github.com/mvirtai/clible-v3-go/internal/db/saved_repo.go:55.16,57.3 1 0
github.com/mvirtai/clible-v3-go/internal/db/saved_repo.go:58.2,58.15 1 1
github.com/mvirtai/clible-v3-go/internal/db/saved_repo.go:58.15,58.35 1 1
github.com/mvirtai/clible-v3-go/internal/db/saved_repo.go:60.2,61.18 2 1
github.com/mvirtai/clible-v3-go/internal/db/saved_repo.go:61.18,68.17 6 1
github.com/mvirtai/clible-v3-go/internal/db/saved_repo.go:68.17,70.4 1 0
github.com/mvirtai/clible-v3-go/internal/db/saved_repo.go:72.3,75.33 4 1
github.com/mvirtai/clible-v3-go/internal/db/saved_repo.go:78.2,78.34 1 1
github.com/mvirtai/clible-v3-go/internal/db/saved_repo.go:78.34,80.3 1 0
github.com/mvirtai/clible-v3-go/internal/db/saved_repo.go:81.2,81.22 1 1
github.com/mvirtai/clible-v3-go/internal/db/saved_repo.go:85.92,92.27 3 1
github.com/mvirtai/clible-v3-go/internal/db/saved_repo.go:92.27,94.3 1 1
github.com/mvirtai/clible-v3-go/internal/db/saved_repo.go:96.2,97.24 2 1
github.com/mvirtai/clible-v3-go/internal/db/saved_repo.go:97.24,99.3 1 1
github.com/mvirtai/clible-v3-go/internal/db/saved_repo.go:101.2,104.16 2 1
github.com/mvirtai/clible-v3-go/internal/db/saved_repo.go:104.16,106.3 1 0
github.com/mvirtai/clible-v3-go/internal/db/saved_repo.go:107.2,107.12 1 1
github.com/mvirtai/clible-v3-go/internal/db/saved_repo.go:111.115,118.16 3 1
github.com/mvirtai/clible-v3-go/internal/db/saved_repo.go:118.16,120.3 1 0
github.com/mvirtai/clible-v3-go/internal/db/saved_repo.go:121.2,121.15 1 1
github.com/mvirtai/clible-v3-go/internal/db/saved_repo.go:121.15,121.35 1 1
github.com/mvirtai/clible-v3-go/internal/db/saved_repo.go:123.2,124.18 2 1
github.com/mvirtai/clible-v3-go/internal/db/saved_repo.go:124.18,131.17 6 1
github.com/mvirtai/clible-v3-go/internal/db/saved_repo.go:131.17,133.4 1 0
github.com/mvirtai/clible-v3-go/internal/db/saved_repo.go:135.3,138.33 4 1
github.com/mvirtai/clible-v3-go/internal/db/saved_repo.go:141.2,141.34 1 1
github.com/mvirtai/clible-v3-go/internal/db/saved_repo.go:141.34,143.3 1 0
github.com/mvirtai/clible-v3-go/internal/db/saved_repo.go:144.2,144.22 1 1
github.com/mvirtai/clible-v3-go/internal/db/saved_repo.go:148.93,154.16 3 0
github.com/mvirtai/clible-v3-go/internal/db/saved_repo.go:154.16,156.3 1 0
github.com/mvirtai/clible-v3-go/internal/db/saved_repo.go:157.2,157.12 1 0
github.com/mvirtai/clible-v3-go/internal/db/saved_repo.go:161.106,167.16 3 0
github.com/mvirtai/clible-v3-go/internal/db/saved_repo.go:167.16,169.3 1 0
github.com/mvirtai/clible-v3-go/internal/db/saved_repo.go:170.2,170.12 1 0
github.com/mvirtai/clible-v3-go/internal/db/saved_repo.go:174.95,180.16 3 0
github.com/mvirtai/clible-v3-go/internal/db/saved_repo.go:180.16,182.3 1 0
github.com/mvirtai/clible-v3-go/internal/db/saved_repo.go:183.2,183.12 1 0
github.com/mvirtai/clible-v3-go/internal/db/saved_repo.go:187.108,193.16 3 0
github.com/mvirtai/clible-v3-go/internal/db/saved_repo.go:193.16,195.3 1 0
github.com/mvirtai/clible-v3-go/internal/db/saved_repo.go:196.2,196.12 1 0
github.com/mvirtai/clible-v3-go/internal/db/scope_repo.go:17.54,19.2 1 0
github.com/mvirtai/clible-v3-go/internal/db/scope_repo.go:22.78,26.16 3 0
github.com/mvirtai/clible-v3-go/internal/db/scope_repo.go:26.16,28.3 1 0
github.com/mvirtai/clible-v3-go/internal/db/scope_repo.go:29.2,29.12 1 0
github.com/mvirtai/clible-v3-go/internal/db/scope_repo.go:33.94,37.16 3 0
github.com/mvirtai/clible-v3-go/internal/db/scope_repo.go:37.16,39.3 1 0
github.com/mvirtai/clible-v3-go/internal/db/scope_repo.go:40.2,40.15 1 0
github.com/mvirtai/clible-v3-go/internal/db/scope_repo.go:40.15,40.35 1 0
github.com/mvirtai/clible-v3-go/internal/db/scope_repo.go:42.2,43.18 2 0
github.com/mvirtai/clible-v3-go/internal/db/scope_repo.go:43.18,45.76 2 0
github.com/mvirtai/clible-v3-go/internal/db/scope_repo.go:45.76,47.4 1 0
github.com/mvirtai/clible-v3-go/internal/db/scope_repo.go:48.3,48.29 1 0
github.com/mvirtai/clible-v3-go/internal/db/scope_repo.go:51.2,51.34 1 0
github.com/mvirtai/clible-v3-go/internal/db/scope_repo.go:51.34,53.3 1 0
github.com/mvirtai/clible-v3-go/internal/db/scope_repo.go:55.2,55.20 1 0
github.com/mvirtai/clible-v3-go/internal/db/scope_repo.go:59.87,63.16 3 0
github.com/mvirtai/clible-v3-go/internal/db/scope_repo.go:63.16,65.3 1 0
github.com/mvirtai/clible-v3-go/internal/db/scope_repo.go:66.2,66.12 1 0
github.com/mvirtai/clible-v3-go/internal/db/scope_repo.go:70.105,74.26 4 0
github.com/mvirtai/clible-v3-go/internal/db/scope_repo.go:74.26,76.3 1 0
github.com/mvirtai/clible-v3-go/internal/db/scope_repo.go:77.2,77.16 1 0
github.com/mvirtai/clible-v3-go/internal/db/scope_repo.go:77.16,79.3 1 0
github.com/mvirtai/clible-v3-go/internal/db/scope_repo.go:80.2,80.16 1 0
github.com/mvirtai/clible-v3-go/internal/db/scope_repo.go:84.100,87.16 3 0
github.com/mvirtai/clible-v3-go/internal/db/scope_repo.go:87.16,89.3 1 0
github.com/mvirtai/clible-v3-go/internal/db/scope_repo.go:90.2,90.12 1 0
github.com/mvirtai/clible-v3-go/internal/db/search_history_repo.go:17.70,19.2 1 1
github.com/mvirtai/clible-v3-go/internal/db/search_history_repo.go:22.92,30.24 3 1
github.com/mvirtai/clible-v3-go/internal/db/search_history_repo.go:30.24,32.3 1 0
github.com/mvirtai/clible-v3-go/internal/db/search_history_repo.go:34.2,35.27 2 1
github.com/mvirtai/clible-v3-go/internal/db/search_history_repo.go:35.27,37.3 1 1
github.com/mvirtai/clible-v3-go/internal/db/search_history_repo.go:39.2,40.20 2 1
github.com/mvirtai/clible-v3-go/internal/db/search_history_repo.go:40.20,42.3 1 1
github.com/mvirtai/clible-v3-go/internal/db/search_history_repo.go:44.2,55.16 2 1
github.com/mvirtai/clible-v3-go/internal/db/search_history_repo.go:55.16,57.3 1 0
github.com/mvirtai/clible-v3-go/internal/db/search_history_repo.go:59.2,59.12 1 1
github.com/mvirtai/clible-v3-go/internal/db/search_history_repo.go:63.124,73.16 3 1
github.com/mvirtai/clible-v3-go/internal/db/search_history_repo.go:73.16,75.3 1 0
github.com/mvirtai/clible-v3-go/internal/db/search_history_repo.go:76.2,76.15 1 1
github.com/mvirtai/clible-v3-go/internal/db/search_history_repo.go:76.15,76.35 1 1
github.com/mvirtai/clible-v3-go/internal/db/search_history_repo.go:78.2,79.18 2 1
github.com/mvirtai/clible-v3-go/internal/db/search_history_repo.go:79.18,97.17 6 1
github.com/mvirtai/clible-v3-go/internal/db/search_history_repo.go:97.17,99.4 1 0
github.com/mvirtai/clible-v3-go/internal/db/search_history_repo.go:102.3,106.31 4 1
github.com/mvirtai/clible-v3-go/internal/db/search_history_repo.go:109.2,109.34 1 1
github.com/mvirtai/clible-v3-go/internal/db/search_history_repo.go:109.34,111.3 1 0
github.com/mvirtai/clible-v3-go/internal/db/search_history_repo.go:113.2,113.21 1 1
github.com/mvirtai/clible-v3-go/internal/db/translation_repo.go:16.66,18.2 1 1
github.com/mvirtai/clible-v3-go/internal/db/translation_repo.go:23.119,35.16 3 1
github.com/mvirtai/clible-v3-go/internal/db/translation_repo.go:35.16,37.3 1 0
github.com/mvirtai/clible-v3-go/internal/db/translation_repo.go:38.2,38.15 1 1
github.com/mvirtai/clible-v3-go/internal/db/translation_repo.go:38.15,38.35 1 1
github.com/mvirtai/clible-v3-go/internal/db/translation_repo.go:40.2,41.18 2 1
github.com/mvirtai/clible-v3-go/internal/db/translation_repo.go:41.18,44.17 3 1
github.com/mvirtai/clible-v3-go/internal/db/translation_repo.go:44.17,46.4 1 0
github.com/mvirtai/clible-v3-go/internal/db/translation_repo.go:47.3,47.41 1 1
github.com/mvirtai/clible-v3-go/internal/db/translation_repo.go:50.2,50.34 1 1
github.com/mvirtai/clible-v3-go/internal/db/translation_repo.go:50.34,52.3 1 0
github.com/mvirtai/clible-v3-go/internal/db/translation_repo.go:54.2,54.26 1 1
github.com/mvirtai/clible-v3-go/internal/db/translation_repo.go:59.109,68.16 3 1
github.com/mvirtai/clible-v3-go/internal/db/translation_repo.go:68.16,70.3 1 0
github.com/mvirtai/clible-v3-go/internal/db/translation_repo.go:71.2,71.15 1 1
github.com/mvirtai/clible-v3-go/internal/db/translation_repo.go:71.15,71.35 1 1
github.com/mvirtai/clible-v3-go/internal/db/translation_repo.go:73.2,74.18 2 1
github.com/mvirtai/clible-v3-go/internal/db/translation_repo.go:74.18,77.17 3 1
github.com/mvirtai/clible-v3-go/internal/db/translation_repo.go:77.17,79.4 1 0
github.com/mvirtai/clible-v3-go/internal/db/translation_repo.go:80.3,80.41 1 1
github.com/mvirtai/clible-v3-go/internal/db/translation_repo.go:83.2,83.34 1 1
github.com/mvirtai/clible-v3-go/internal/db/translation_repo.go:83.34,85.3 1 0
github.com/mvirtai/clible-v3-go/internal/db/translation_repo.go:87.2,87.26 1 1
github.com/mvirtai/clible-v3-go/internal/db/translation_repo.go:92.111,103.16 4 1
github.com/mvirtai/clible-v3-go/internal/db/translation_repo.go:103.16,105.3 1 0
github.com/mvirtai/clible-v3-go/internal/db/translation_repo.go:106.2,106.20 1 1
github.com/mvirtai/clible-v3-go/internal/db/translation_repo.go:111.99,118.26 3 1
github.com/mvirtai/clible-v3-go/internal/db/translation_repo.go:118.26,120.3 1 1
github.com/mvirtai/clible-v3-go/internal/db/translation_repo.go:121.2,121.16 1 1
github.com/mvirtai/clible-v3-go/internal/db/translation_repo.go:121.16,123.3 1 0
github.com/mvirtai/clible-v3-go/internal/db/translation_repo.go:124.2,124.15 1 1
github.com/mvirtai/clible-v3-go/internal/db/translation_repo.go:124.15,126.3 1 0
github.com/mvirtai/clible-v3-go/internal/db/translation_repo.go:128.2,134.16 3 1
github.com/mvirtai/clible-v3-go/internal/db/translation_repo.go:134.16,136.3 1 0
github.com/mvirtai/clible-v3-go/internal/db/translation_repo.go:137.2,137.12 1 1
github.com/mvirtai/clible-v3-go/internal/db/translation_repo.go:141.101,144.16 3 1
github.com/mvirtai/clible-v3-go/internal/db/translation_repo.go:144.16,146.3 1 0
github.com/mvirtai/clible-v3-go/internal/db/translation_repo.go:147.2,147.12 1 1
github.com/mvirtai/clible-v3-go/internal/db/translation_repo.go:152.72,159.16 3 1
github.com/mvirtai/clible-v3-go/internal/db/translation_repo.go:159.16,161.3 1 0
github.com/mvirtai/clible-v3-go/internal/db/translation_repo.go:162.2,162.15 1 1
github.com/mvirtai/clible-v3-go/internal/db/translation_repo.go:162.15,162.35 1 1
github.com/mvirtai/clible-v3-go/internal/db/translation_repo.go:164.2,165.18 2 1
github.com/mvirtai/clible-v3-go/internal/db/translation_repo.go:165.18,168.17 3 1
github.com/mvirtai/clible-v3-go/internal/db/translation_repo.go:168.17,170.4 1 0
github.com/mvirtai/clible-v3-go/internal/db/translation_repo.go:171.3,171.41 1 1
github.com/mvirtai/clible-v3-go/internal/db/translation_repo.go:174.2,174.34 1 1
github.com/mvirtai/clible-v3-go/internal/db/translation_repo.go:174.34,176.3 1 0
github.com/mvirtai/clible-v3-go/internal/db/translation_repo.go:178.2,178.26 1 1
github.com/mvirtai/clible-v3-go/internal/db/translation_repo.go:183.68,189.16 3 1
github.com/mvirtai/clible-v3-go/internal/db/translation_repo.go:189.16,191.3 1 0
github.com/mvirtai/clible-v3-go/internal/db/translation_repo.go:192.2,192.12 1 1
github.com/mvirtai/clible-v3-go/internal/db/translation_repo.go:196.65,200.16 4 1
github.com/mvirtai/clible-v3-go/internal/db/translation_repo.go:200.16,202.3 1 0
github.com/mvirtai/clible-v3-go/internal/db/translation_repo.go:203.2,203.20 1 1
github.com/mvirtai/clible-v3-go/internal/db/translation_repo.go:208.57,211.16 3 0
github.com/mvirtai/clible-v3-go/internal/db/translation_repo.go:211.16,213.3 1 0
github.com/mvirtai/clible-v3-go/internal/db/translation_repo.go:214.2,214.12 1 0
github.com/mvirtai/clible-v3-go/internal/db/user_repo.go:23.52,25.2 1 0
github.com/mvirtai/clible-v3-go/internal/db/user_repo.go:27.72,37.16 6 0
github.com/mvirtai/clible-v3-go/internal/db/user_repo.go:37.16,39.3 1 0
github.com/mvirtai/clible-v3-go/internal/db/user_repo.go:40.2,40.12 1 0
github.com/mvirtai/clible-v3-go/internal/db/user_repo.go:43.87,57.35 4 0
github.com/mvirtai/clible-v3-go/internal/db/user_repo.go:57.35,60.3 1 0
github.com/mvirtai/clible-v3-go/internal/db/user_repo.go:61.2,61.16 1 0
github.com/mvirtai/clible-v3-go/internal/db/user_repo.go:61.16,63.3 1 0
github.com/mvirtai/clible-v3-go/internal/db/user_repo.go:64.2,64.19 1 0
github.com/mvirtai/clible-v3-go/internal/db/user_repo.go:67.81,83.35 4 0
github.com/mvirtai/clible-v3-go/internal/db/user_repo.go:83.35,85.3 1 0
github.com/mvirtai/clible-v3-go/internal/db/user_repo.go:87.2,87.16 1 0
github.com/mvirtai/clible-v3-go/internal/db/user_repo.go:87.16,89.3 1 0
github.com/mvirtai/clible-v3-go/internal/db/user_repo.go:91.2,91.19 1 0
github.com/mvirtai/clible-v3-go/internal/db/verse_repo.go:15.141,16.24 1 1
github.com/mvirtai/clible-v3-go/internal/db/verse_repo.go:16.24,18.3 1 0
github.com/mvirtai/clible-v3-go/internal/db/verse_repo.go:20.2,20.19 1 1
github.com/mvirtai/clible-v3-go/internal/db/verse_repo.go:20.19,26.31 4 1
github.com/mvirtai/clible-v3-go/internal/db/verse_repo.go:26.31,29.4 2 1
github.com/mvirtai/clible-v3-go/internal/db/verse_repo.go:31.3,36.28 2 1
github.com/mvirtai/clible-v3-go/internal/db/verse_repo.go:36.28,38.4 1 1
github.com/mvirtai/clible-v3-go/internal/db/verse_repo.go:39.3,43.17 4 1
github.com/mvirtai/clible-v3-go/internal/db/verse_repo.go:43.17,45.4 1 0
github.com/mvirtai/clible-v3-go/internal/db/verse_repo.go:46.3,46.16 1 1
github.com/mvirtai/clible-v3-go/internal/db/verse_repo.go:46.16,46.36 1 1
github.com/mvirtai/clible-v3-go/internal/db/verse_repo.go:48.3,49.19 2 1
github.com/mvirtai/clible-v3-go/internal/db/verse_repo.go:49.19,51.103 2 1
github.com/mvirtai/clible-v3-go/internal/db/verse_repo.go:51.103,53.5 1 0
github.com/mvirtai/clible-v3-go/internal/db/verse_repo.go:54.4,54.32 1 1
github.com/mvirtai/clible-v3-go/internal/db/verse_repo.go:56.3,56.29 1 1
github.com/mvirtai/clible-v3-go/internal/db/verse_repo.go:61.2,62.30 2 0
github.com/mvirtai/clible-v3-go/internal/db/verse_repo.go:62.30,64.3 1 0
github.com/mvirtai/clible-v3-go/internal/db/verse_repo.go:65.2,70.16 4 0
github.com/mvirtai/clible-v3-go/internal/db/verse_repo.go:70.16,73.112 2 0
github.com/mvirtai/clible-v3-go/internal/db/verse_repo.go:73.112,75.4 1 0
github.com/mvirtai/clible-v3-go/internal/db/verse_repo.go:75.9,77.4 1 0
github.com/mvirtai/clible-v3-go/internal/db/verse_repo.go:80.2,81.14 2 0
github.com/mvirtai/clible-v3-go/internal/db/verse_repo.go:82.12,83.28 1 0
github.com/mvirtai/clible-v3-go/internal/db/verse_repo.go:84.12,85.28 1 0
github.com/mvirtai/clible-v3-go/internal/db/verse_repo.go:88.2,98.16 3 0
github.com/mvirtai/clible-v3-go/internal/db/verse_repo.go:98.16,100.3 1 0
github.com/mvirtai/clible-v3-go/internal/db/verse_repo.go:101.2,101.15 1 0
github.com/mvirtai/clible-v3-go/internal/db/verse_repo.go:101.15,101.35 1 0
github.com/mvirtai/clible-v3-go/internal/db/verse_repo.go:103.2,104.18 2 0
github.com/mvirtai/clible-v3-go/internal/db/verse_repo.go:104.18,106.102 2 0
github.com/mvirtai/clible-v3-go/internal/db/verse_repo.go:106.102,108.4 1 0
github.com/mvirtai/clible-v3-go/internal/db/verse_repo.go:109.3,109.31 1 0
github.com/mvirtai/clible-v3-go/internal/db/verse_repo.go:112.2,112.34 1 0
github.com/mvirtai/clible-v3-go/internal/db/verse_repo.go:112.34,114.3 1 0
github.com/mvirtai/clible-v3-go/internal/db/verse_repo.go:116.2,116.21 1 0
github.com/mvirtai/clible-v3-go/internal/db/verse_repo.go:127.54,131.2 3 1
github.com/mvirtai/clible-v3-go/internal/db/verse_repo.go:134.88,135.22 1 1
github.com/mvirtai/clible-v3-go/internal/db/verse_repo.go:135.22,137.3 1 1
github.com/mvirtai/clible-v3-go/internal/db/verse_repo.go:139.2,140.16 2 1
github.com/mvirtai/clible-v3-go/internal/db/verse_repo.go:140.16,142.3 1 0
github.com/mvirtai/clible-v3-go/internal/db/verse_repo.go:143.2,143.15 1 1
github.com/mvirtai/clible-v3-go/internal/db/verse_repo.go:143.15,145.3 1 1
github.com/mvirtai/clible-v3-go/internal/db/verse_repo.go:147.2,148.46 2 1
github.com/mvirtai/clible-v3-go/internal/db/verse_repo.go:148.46,150.24 2 1
github.com/mvirtai/clible-v3-go/internal/db/verse_repo.go:150.24,152.4 1 1
github.com/mvirtai/clible-v3-go/internal/db/verse_repo.go:153.3,157.29 4 1
github.com/mvirtai/clible-v3-go/internal/db/verse_repo.go:157.29,158.15 1 1
github.com/mvirtai/clible-v3-go/internal/db/verse_repo.go:158.15,160.5 1 1
github.com/mvirtai/clible-v3-go/internal/db/verse_repo.go:161.4,163.84 3 1
github.com/mvirtai/clible-v3-go/internal/db/verse_repo.go:166.3,167.17 2 1
github.com/mvirtai/clible-v3-go/internal/db/verse_repo.go:167.17,169.4 1 0
github.com/mvirtai/clible-v3-go/internal/db/verse_repo.go:172.2,172.36 1 1
github.com/mvirtai/clible-v3-go/internal/db/verse_repo.go:172.36,174.3 1 0
github.com/mvirtai/clible-v3-go/internal/db/verse_repo.go:176.2,176.12 1 1
github.com/mvirtai/clible-v3-go/internal/db/verse_repo.go:180.152,187.16 2 1
github.com/mvirtai/clible-v3-go/internal/db/verse_repo.go:187.16,189.3 1 0
github.com/mvirtai/clible-v3-go/internal/db/verse_repo.go:190.2,190.15 1 1
github.com/mvirtai/clible-v3-go/internal/db/verse_repo.go:190.15,190.35 1 1
github.com/mvirtai/clible-v3-go/internal/db/verse_repo.go:192.2,193.18 2 1
github.com/mvirtai/clible-v3-go/internal/db/verse_repo.go:193.18,195.102 2 1
github.com/mvirtai/clible-v3-go/internal/db/verse_repo.go:195.102,197.4 1 0
github.com/mvirtai/clible-v3-go/internal/db/verse_repo.go:198.3,198.29 1 1
github.com/mvirtai/clible-v3-go/internal/db/verse_repo.go:200.2,200.27 1 1
github.com/mvirtai/clible-v3-go/internal/db/verse_repo.go:212.100,218.31 2 1
github.com/mvirtai/clible-v3-go/internal/db/verse_repo.go:218.31,221.24 2 1
github.com/mvirtai/clible-v3-go/internal/db/verse_repo.go:221.24,223.4 1 1
github.com/mvirtai/clible-v3-go/internal/db/verse_repo.go:225.3,232.33 4 1
github.com/mvirtai/clible-v3-go/internal/db/verse_repo.go:232.33,235.4 2 0
github.com/mvirtai/clible-v3-go/internal/db/verse_repo.go:237.3,237.33 1 1
github.com/mvirtai/clible-v3-go/internal/db/verse_repo.go:237.33,239.4 1 0
github.com/mvirtai/clible-v3-go/internal/db/verse_repo.go:239.9,239.40 1 1
github.com/mvirtai/clible-v3-go/internal/db/verse_repo.go:239.40,241.4 1 0
github.com/mvirtai/clible-v3-go/internal/db/verse_repo.go:241.9,241.69 1 1
github.com/mvirtai/clible-v3-go/internal/db/verse_repo.go:241.69,244.4 2 0
github.com/mvirtai/clible-v3-go/internal/db/verse_repo.go:246.3,246.28 1 1
github.com/mvirtai/clible-v3-go/internal/db/verse_repo.go:246.28,248.4 1 0
github.com/mvirtai/clible-v3-go/internal/db/verse_repo.go:249.3,252.17 3 1
github.com/mvirtai/clible-v3-go/internal/db/verse_repo.go:252.17,254.4 1 0
github.com/mvirtai/clible-v3-go/internal/db/verse_repo.go:255.3,255.16 1 1
github.com/mvirtai/clible-v3-go/internal/db/verse_repo.go:255.16,255.36 1 1
github.com/mvirtai/clible-v3-go/internal/db/verse_repo.go:257.3,258.19 2 1
github.com/mvirtai/clible-v3-go/internal/db/verse_repo.go:258.19,260.111 2 1
github.com/mvirtai/clible-v3-go/internal/db/verse_repo.go:260.111,262.5 1 0
github.com/mvirtai/clible-v3-go/internal/db/verse_repo.go:263.4,263.33 1 1
github.com/mvirtai/clible-v3-go/internal/db/verse_repo.go:263.33,265.5 1 1
github.com/mvirtai/clible-v3-go/internal/db/verse_repo.go:267.3,267.29 1 1
github.com/mvirtai/clible-v3-go/internal/db/verse_repo.go:271.2,274.18 3 1
github.com/mvirtai/clible-v3-go/internal/db/verse_repo.go:274.18,280.33 2 0
github.com/mvirtai/clible-v3-go/internal/db/verse_repo.go:280.33,283.4 2 0
github.com/mvirtai/clible-v3-go/internal/db/verse_repo.go:285.3,285.33 1 0
github.com/mvirtai/clible-v3-go/internal/db/verse_repo.go:285.33,287.4 1 0
github.com/mvirtai/clible-v3-go/internal/db/verse_repo.go:287.9,287.40 1 0
github.com/mvirtai/clible-v3-go/internal/db/verse_repo.go:287.40,289.4 1 0
github.com/mvirtai/clible-v3-go/internal/db/verse_repo.go:289.9,289.69 1 0
github.com/mvirtai/clible-v3-go/internal/db/verse_repo.go:289.69,292.4 2 0
github.com/mvirtai/clible-v3-go/internal/db/verse_repo.go:294.3,294.62 1 0
github.com/mvirtai/clible-v3-go/internal/db/verse_repo.go:295.8,302.33 2 1
github.com/mvirtai/clible-v3-go/internal/db/verse_repo.go:302.33,305.4 2 0
github.com/mvirtai/clible-v3-go/internal/db/verse_repo.go:307.3,307.33 1 1
github.com/mvirtai/clible-v3-go/internal/db/verse_repo.go:307.33,309.4 1 1
github.com/mvirtai/clible-v3-go/internal/db/verse_repo.go:309.9,309.40 1 1
github.com/mvirtai/clible-v3-go/internal/db/verse_repo.go:309.40,311.4 1 1
github.com/mvirtai/clible-v3-go/internal/db/verse_repo.go:311.9,311.69 1 1
github.com/mvirtai/clible-v3-go/internal/db/verse_repo.go:311.69,314.4 2 1
github.com/mvirtai/clible-v3-go/internal/db/verse_repo.go:316.3,316.68 1 1
github.com/mvirtai/clible-v3-go/internal/db/verse_repo.go:319.2,320.16 2 1
github.com/mvirtai/clible-v3-go/internal/db/verse_repo.go:320.16,322.3 1 0
github.com/mvirtai/clible-v3-go/internal/db/verse_repo.go:323.2,323.15 1 1
github.com/mvirtai/clible-v3-go/internal/db/verse_repo.go:323.15,323.35 1 1
github.com/mvirtai/clible-v3-go/internal/db/verse_repo.go:325.2,326.18 2 1
github.com/mvirtai/clible-v3-go/internal/db/verse_repo.go:326.18,328.110 2 1
github.com/mvirtai/clible-v3-go/internal/db/verse_repo.go:328.110,330.4 1 0
github.com/mvirtai/clible-v3-go/internal/db/verse_repo.go:331.3,331.43 1 1
github.com/mvirtai/clible-v3-go/internal/db/verse_repo.go:334.2,334.34 1 1
github.com/mvirtai/clible-v3-go/internal/db/verse_repo.go:338.135,345.16 2 0
github.com/mvirtai/clible-v3-go/internal/db/verse_repo.go:345.16,347.3 1 0
github.com/mvirtai/clible-v3-go/internal/db/verse_repo.go:348.2,348.15 1 0
github.com/mvirtai/clible-v3-go/internal/db/verse_repo.go:348.15,348.35 1 0
github.com/mvirtai/clible-v3-go/internal/db/verse_repo.go:350.2,351.18 2 0
github.com/mvirtai/clible-v3-go/internal/db/verse_repo.go:351.18,353.102 2 0
github.com/mvirtai/clible-v3-go/internal/db/verse_repo.go:353.102,355.4 1 0
github.com/mvirtai/clible-v3-go/internal/db/verse_repo.go:356.3,356.29 1 0
github.com/mvirtai/clible-v3-go/internal/db/verse_repo.go:358.2,358.27 1 0
github.com/mvirtai/clible-v3-go/internal/db/verse_repo.go:362.119,369.16 2 0
github.com/mvirtai/clible-v3-go/internal/db/verse_repo.go:369.16,371.3 1 0
github.com/mvirtai/clible-v3-go/internal/db/verse_repo.go:372.2,372.15 1 0
github.com/mvirtai/clible-v3-go/internal/db/verse_repo.go:372.15,372.35 1 0
github.com/mvirtai/clible-v3-go/internal/db/verse_repo.go:374.2,375.18 2 0
github.com/mvirtai/clible-v3-go/internal/db/verse_repo.go:375.18,377.102 2 0
github.com/mvirtai/clible-v3-go/internal/db/verse_repo.go:377.102,379.4 1 0
github.com/mvirtai/clible-v3-go/internal/db/verse_repo.go:380.3,380.29 1 0
github.com/mvirtai/clible-v3-go/internal/db/verse_repo.go:382.2,382.27 1 0
github.com/mvirtai/clible-v3-go/internal/db/verse_repo.go:386.40,388.2 1 0
github.com/mvirtai/clible-v3-go/internal/services/ai_service.go:135.80,143.2 1 0
github.com/mvirtai/clible-v3-go/internal/services/ai_service.go:174.151,175.30 1 1
github.com/mvirtai/clible-v3-go/internal/services/ai_service.go:175.30,177.3 1 0
github.com/mvirtai/clible-v3-go/internal/services/ai_service.go:179.2,187.24 2 1
github.com/mvirtai/clible-v3-go/internal/services/ai_service.go:187.24,191.3 1 1
github.com/mvirtai/clible-v3-go/internal/services/ai_service.go:193.2,193.15 1 1
github.com/mvirtai/clible-v3-go/internal/services/ai_service.go:193.15,197.3 1 1
github.com/mvirtai/clible-v3-go/internal/services/ai_service.go:199.2,200.16 2 1
github.com/mvirtai/clible-v3-go/internal/services/ai_service.go:200.16,202.3 1 0
github.com/mvirtai/clible-v3-go/internal/services/ai_service.go:204.2,207.16 3 1
github.com/mvirtai/clible-v3-go/internal/services/ai_service.go:207.16,209.3 1 0
github.com/mvirtai/clible-v3-go/internal/services/ai_service.go:210.2,213.16 3 1
github.com/mvirtai/clible-v3-go/internal/services/ai_service.go:213.16,215.3 1 0
github.com/mvirtai/clible-v3-go/internal/services/ai_service.go:216.2,216.15 1 1
github.com/mvirtai/clible-v3-go/internal/services/ai_service.go:216.15,216.40 1 1
github.com/mvirtai/clible-v3-go/internal/services/ai_service.go:218.2,218.38 1 1
github.com/mvirtai/clible-v3-go/internal/services/ai_service.go:218.38,222.3 3 0
github.com/mvirtai/clible-v3-go/internal/services/ai_service.go:224.2,225.71 2 1
github.com/mvirtai/clible-v3-go/internal/services/ai_service.go:225.71,227.3 1 0
github.com/mvirtai/clible-v3-go/internal/services/ai_service.go:229.2,229.89 1 1
github.com/mvirtai/clible-v3-go/internal/services/ai_service.go:229.89,231.3 1 0
github.com/mvirtai/clible-v3-go/internal/services/ai_service.go:233.2,233.87 1 1
github.com/mvirtai/clible-v3-go/internal/services/ai_service.go:237.46,244.20 3 1
github.com/mvirtai/clible-v3-go/internal/services/ai_service.go:244.20,246.3 1 0
github.com/mvirtai/clible-v3-go/internal/services/ai_service.go:248.2,250.18 3 1
github.com/mvirtai/clible-v3-go/internal/services/ai_service.go:250.18,253.3 1 0
github.com/mvirtai/clible-v3-go/internal/services/ai_service.go:256.2,257.22 2 1
github.com/mvirtai/clible-v3-go/internal/services/ai_service.go:257.22,259.3 1 0
github.com/mvirtai/clible-v3-go/internal/services/ai_service.go:260.2,268.71 4 1
github.com/mvirtai/clible-v3-go/internal/services/ai_service.go:268.71,271.3 2 1
github.com/mvirtai/clible-v3-go/internal/services/ai_service.go:273.2,273.17 1 1
github.com/mvirtai/clible-v3-go/internal/services/ai_service.go:276.42,278.13 2 1
github.com/mvirtai/clible-v3-go/internal/services/ai_service.go:278.13,280.3 1 1
github.com/mvirtai/clible-v3-go/internal/services/ai_service.go:281.2,281.136 1 1
github.com/mvirtai/clible-v3-go/internal/services/ai_service.go:284.98,310.16 3 1
github.com/mvirtai/clible-v3-go/internal/services/ai_service.go:310.16,312.3 1 0
github.com/mvirtai/clible-v3-go/internal/services/ai_service.go:314.2,315.18 2 1
github.com/mvirtai/clible-v3-go/internal/services/ai_service.go:315.18,317.3 1 1
github.com/mvirtai/clible-v3-go/internal/services/ai_service.go:318.2,318.18 1 1
github.com/mvirtai/clible-v3-go/internal/services/ai_service.go:321.95,347.16 3 1
github.com/mvirtai/clible-v3-go/internal/services/ai_service.go:347.16,349.3 1 0
github.com/mvirtai/clible-v3-go/internal/services/ai_service.go:351.2,352.18 2 1
github.com/mvirtai/clible-v3-go/internal/services/ai_service.go:352.18,354.3 1 1
github.com/mvirtai/clible-v3-go/internal/services/ai_service.go:355.2,355.18 1 1
github.com/mvirtai/clible-v3-go/internal/services/ai_service.go:358.142,360.28 2 1
github.com/mvirtai/clible-v3-go/internal/services/ai_service.go:360.28,362.3 1 0
github.com/mvirtai/clible-v3-go/internal/services/ai_service.go:364.2,365.24 2 1
github.com/mvirtai/clible-v3-go/internal/services/ai_service.go:365.24,366.58 1 1
github.com/mvirtai/clible-v3-go/internal/services/ai_service.go:366.58,368.4 1 0
github.com/mvirtai/clible-v3-go/internal/services/ai_service.go:369.3,369.60 1 1
github.com/mvirtai/clible-v3-go/internal/services/ai_service.go:369.60,371.4 1 1
github.com/mvirtai/clible-v3-go/internal/services/ai_service.go:372.3,372.55 1 1
github.com/mvirtai/clible-v3-go/internal/services/ai_service.go:372.55,374.4 1 0
github.com/mvirtai/clible-v3-go/internal/services/ai_service.go:377.2,378.27 2 1
github.com/mvirtai/clible-v3-go/internal/services/ai_service.go:378.27,380.3 1 1
github.com/mvirtai/clible-v3-go/internal/services/ai_service.go:382.2,393.16 3 1
github.com/mvirtai/clible-v3-go/internal/services/ai_service.go:393.16,395.3 1 0
github.com/mvirtai/clible-v3-go/internal/services/ai_service.go:397.2,398.18 2 1
github.com/mvirtai/clible-v3-go/internal/services/ai_service.go:398.18,400.3 1 1
github.com/mvirtai/clible-v3-go/internal/services/ai_service.go:401.2,401.18 1 1
github.com/mvirtai/clible-v3-go/internal/services/ai_service.go:404.182,406.28 2 0
github.com/mvirtai/clible-v3-go/internal/services/ai_service.go:406.28,408.3 1 0
github.com/mvirtai/clible-v3-go/internal/services/ai_service.go:410.2,411.43 2 0
github.com/mvirtai/clible-v3-go/internal/services/ai_service.go:411.43,413.3 1 0
github.com/mvirtai/clible-v3-go/internal/services/ai_service.go:415.2,416.34 2 0
github.com/mvirtai/clible-v3-go/internal/services/ai_service.go:416.34,418.3 1 0
github.com/mvirtai/clible-v3-go/internal/services/ai_service.go:419.2,422.25 3 0
github.com/mvirtai/clible-v3-go/internal/services/ai_service.go:423.14,444.113 1 0
github.com/mvirtai/clible-v3-go/internal/services/ai_service.go:445.17,466.113 1 0
github.com/mvirtai/clible-v3-go/internal/services/ai_service.go:467.10,500.132 1 0
github.com/mvirtai/clible-v3-go/internal/services/ai_service.go:503.2,504.16 2 0
github.com/mvirtai/clible-v3-go/internal/services/ai_service.go:504.16,506.3 1 0
github.com/mvirtai/clible-v3-go/internal/services/ai_service.go:508.2,509.18 2 0
github.com/mvirtai/clible-v3-go/internal/services/ai_service.go:509.18,511.3 1 0
github.com/mvirtai/clible-v3-go/internal/services/ai_service.go:512.2,512.18 1 0
github.com/mvirtai/clible-v3-go/internal/services/ai_service.go:515.128,517.24 2 1
github.com/mvirtai/clible-v3-go/internal/services/ai_service.go:517.24,519.3 1 0
github.com/mvirtai/clible-v3-go/internal/services/ai_service.go:521.2,527.16 3 1
github.com/mvirtai/clible-v3-go/internal/services/ai_service.go:527.16,529.3 1 0
github.com/mvirtai/clible-v3-go/internal/services/ai_service.go:531.2,532.63 2 1
github.com/mvirtai/clible-v3-go/internal/services/ai_service.go:532.63,534.3 1 0
github.com/mvirtai/clible-v3-go/internal/services/ai_service.go:537.2,538.24 2 1
github.com/mvirtai/clible-v3-go/internal/services/ai_service.go:538.24,540.3 1 0
github.com/mvirtai/clible-v3-go/internal/services/ai_service.go:542.2,543.22 2 1
github.com/mvirtai/clible-v3-go/internal/services/ai_service.go:543.22,548.25 3 1
github.com/mvirtai/clible-v3-go/internal/services/ai_service.go:548.25,553.20 3 1
github.com/mvirtai/clible-v3-go/internal/services/ai_service.go:553.20,555.5 1 1
github.com/mvirtai/clible-v3-go/internal/services/ai_service.go:559.2,560.27 2 1
github.com/mvirtai/clible-v3-go/internal/services/ai_service.go:560.27,562.3 1 0
github.com/mvirtai/clible-v3-go/internal/services/ai_service.go:562.8,562.34 1 1
github.com/mvirtai/clible-v3-go/internal/services/ai_service.go:562.34,564.3 1 0
github.com/mvirtai/clible-v3-go/internal/services/ai_service.go:564.8,564.58 1 1
github.com/mvirtai/clible-v3-go/internal/services/ai_service.go:564.58,566.3 1 0
github.com/mvirtai/clible-v3-go/internal/services/ai_service.go:566.8,568.3 1 1
github.com/mvirtai/clible-v3-go/internal/services/ai_service.go:570.2,578.16 3 1
github.com/mvirtai/clible-v3-go/internal/services/ai_service.go:578.16,580.3 1 0
github.com/mvirtai/clible-v3-go/internal/services/ai_service.go:583.2,584.30 2 1
github.com/mvirtai/clible-v3-go/internal/services/ai_service.go:584.30,586.3 1 1
github.com/mvirtai/clible-v3-go/internal/services/ai_service.go:587.2,596.22 3 1
github.com/mvirtai/clible-v3-go/internal/services/ai_service.go:596.22,599.3 2 0
github.com/mvirtai/clible-v3-go/internal/services/ai_service.go:601.2,602.34 2 1
github.com/mvirtai/clible-v3-go/internal/services/ai_service.go:602.34,604.3 1 1
github.com/mvirtai/clible-v3-go/internal/services/ai_service.go:606.2,614.16 3 1
github.com/mvirtai/clible-v3-go/internal/services/ai_service.go:614.16,616.3 1 0
github.com/mvirtai/clible-v3-go/internal/services/ai_service.go:619.2,621.34 3 1
github.com/mvirtai/clible-v3-go/internal/services/ai_service.go:621.34,623.136 2 1
github.com/mvirtai/clible-v3-go/internal/services/ai_service.go:623.136,625.4 1 1
github.com/mvirtai/clible-v3-go/internal/services/ai_service.go:628.2,634.25 3 1
github.com/mvirtai/clible-v3-go/internal/services/ai_service.go:634.25,638.3 3 1
github.com/mvirtai/clible-v3-go/internal/services/ai_service.go:639.2,639.28 1 1
github.com/mvirtai/clible-v3-go/internal/services/ai_service.go:639.28,643.3 3 1
github.com/mvirtai/clible-v3-go/internal/services/ai_service.go:645.2,651.20 2 1
github.com/mvirtai/clible-v3-go/internal/services/ai_service.go:660.136,662.17 2 1
github.com/mvirtai/clible-v3-go/internal/services/ai_service.go:662.17,664.3 1 0
github.com/mvirtai/clible-v3-go/internal/services/ai_service.go:664.8,666.3 1 1
github.com/mvirtai/clible-v3-go/internal/services/ai_service.go:668.2,669.16 2 1
github.com/mvirtai/clible-v3-go/internal/services/ai_service.go:669.16,671.3 1 0
github.com/mvirtai/clible-v3-go/internal/services/ai_service.go:673.2,674.18 2 1
github.com/mvirtai/clible-v3-go/internal/services/ai_service.go:674.18,676.3 1 1
github.com/mvirtai/clible-v3-go/internal/services/ai_service.go:677.2,677.18 1 1
github.com/mvirtai/clible-v3-go/internal/services/analytics_service.go:108.117,112.21 3 1
github.com/mvirtai/clible-v3-go/internal/services/analytics_service.go:112.21,120.63 2 1
github.com/mvirtai/clible-v3-go/internal/services/analytics_service.go:120.63,122.4 1 0
github.com/mvirtai/clible-v3-go/internal/services/analytics_service.go:125.3,125.46 1 1
github.com/mvirtai/clible-v3-go/internal/services/analytics_service.go:125.46,127.45 2 1
github.com/mvirtai/clible-v3-go/internal/services/analytics_service.go:127.45,128.38 1 1
github.com/mvirtai/clible-v3-go/internal/services/analytics_service.go:128.38,130.6 1 1
github.com/mvirtai/clible-v3-go/internal/services/analytics_service.go:135.2,140.8 1 1
github.com/mvirtai/clible-v3-go/internal/services/analytics_service.go:144.58,148.26 3 1
github.com/mvirtai/clible-v3-go/internal/services/analytics_service.go:148.26,151.18 3 1
github.com/mvirtai/clible-v3-go/internal/services/analytics_service.go:151.18,152.12 1 0
github.com/mvirtai/clible-v3-go/internal/services/analytics_service.go:154.3,154.46 1 1
github.com/mvirtai/clible-v3-go/internal/services/analytics_service.go:154.46,155.12 1 1
github.com/mvirtai/clible-v3-go/internal/services/analytics_service.go:157.3,157.33 1 1
github.com/mvirtai/clible-v3-go/internal/services/analytics_service.go:159.2,159.15 1 1
github.com/mvirtai/clible-v3-go/internal/services/analytics_service.go:163.89,164.22 1 1
github.com/mvirtai/clible-v3-go/internal/services/analytics_service.go:164.22,166.3 1 1
github.com/mvirtai/clible-v3-go/internal/services/analytics_service.go:168.2,172.27 4 1
github.com/mvirtai/clible-v3-go/internal/services/analytics_service.go:172.27,176.3 3 1
github.com/mvirtai/clible-v3-go/internal/services/analytics_service.go:178.2,178.25 1 1
github.com/mvirtai/clible-v3-go/internal/services/analytics_service.go:178.25,180.23 2 1
github.com/mvirtai/clible-v3-go/internal/services/analytics_service.go:180.23,182.4 1 1
github.com/mvirtai/clible-v3-go/internal/services/analytics_service.go:183.3,186.4 1 1
github.com/mvirtai/clible-v3-go/internal/services/analytics_service.go:189.2,190.30 2 1
github.com/mvirtai/clible-v3-go/internal/services/analytics_service.go:190.30,192.3 1 1
github.com/mvirtai/clible-v3-go/internal/services/analytics_service.go:194.2,206.3 3 1
github.com/mvirtai/clible-v3-go/internal/services/analytics_service.go:210.115,218.23 3 1
github.com/mvirtai/clible-v3-go/internal/services/analytics_service.go:218.23,220.3 1 1
github.com/mvirtai/clible-v3-go/internal/services/analytics_service.go:222.2,229.30 7 1
github.com/mvirtai/clible-v3-go/internal/services/analytics_service.go:229.30,230.41 1 1
github.com/mvirtai/clible-v3-go/internal/services/analytics_service.go:230.41,236.15 5 1
github.com/mvirtai/clible-v3-go/internal/services/analytics_service.go:236.15,238.5 1 1
github.com/mvirtai/clible-v3-go/internal/services/analytics_service.go:240.4,251.30 10 1
github.com/mvirtai/clible-v3-go/internal/services/analytics_service.go:251.30,253.5 1 1
github.com/mvirtai/clible-v3-go/internal/services/analytics_service.go:255.4,256.30 2 1
github.com/mvirtai/clible-v3-go/internal/services/analytics_service.go:256.30,257.34 1 1
github.com/mvirtai/clible-v3-go/internal/services/analytics_service.go:257.34,260.6 2 1
github.com/mvirtai/clible-v3-go/internal/services/analytics_service.go:263.4,263.34 1 1
github.com/mvirtai/clible-v3-go/internal/services/analytics_service.go:263.34,266.5 2 1
github.com/mvirtai/clible-v3-go/internal/services/analytics_service.go:270.2,271.22 2 1
github.com/mvirtai/clible-v3-go/internal/services/analytics_service.go:271.22,274.3 2 1
github.com/mvirtai/clible-v3-go/internal/services/analytics_service.go:276.2,286.12 2 1
github.com/mvirtai/clible-v3-go/internal/services/analytics_service.go:289.87,298.28 3 1
github.com/mvirtai/clible-v3-go/internal/services/analytics_service.go:298.28,306.3 2 1
github.com/mvirtai/clible-v3-go/internal/services/analytics_service.go:308.2,308.28 1 1
github.com/mvirtai/clible-v3-go/internal/services/analytics_service.go:308.28,310.43 2 1
github.com/mvirtai/clible-v3-go/internal/services/analytics_service.go:310.43,312.4 1 1
github.com/mvirtai/clible-v3-go/internal/services/analytics_service.go:312.9,319.4 1 0
github.com/mvirtai/clible-v3-go/internal/services/analytics_service.go:322.2,323.28 2 1
github.com/mvirtai/clible-v3-go/internal/services/analytics_service.go:323.28,325.3 1 1
github.com/mvirtai/clible-v3-go/internal/services/analytics_service.go:326.2,326.39 1 1
github.com/mvirtai/clible-v3-go/internal/services/analytics_service.go:326.39,327.35 1 0
github.com/mvirtai/clible-v3-go/internal/services/analytics_service.go:327.35,329.4 1 0
github.com/mvirtai/clible-v3-go/internal/services/analytics_service.go:330.3,330.41 1 0
github.com/mvirtai/clible-v3-go/internal/services/analytics_service.go:330.41,332.4 1 0
github.com/mvirtai/clible-v3-go/internal/services/analytics_service.go:333.3,333.39 1 0
github.com/mvirtai/clible-v3-go/internal/services/analytics_service.go:336.2,337.25 2 1
github.com/mvirtai/clible-v3-go/internal/services/analytics_service.go:337.25,339.3 1 1
github.com/mvirtai/clible-v3-go/internal/services/analytics_service.go:340.2,340.15 1 1
github.com/mvirtai/clible-v3-go/internal/services/analytics_service.go:343.76,349.28 5 1
github.com/mvirtai/clible-v3-go/internal/services/analytics_service.go:349.28,352.3 2 1
github.com/mvirtai/clible-v3-go/internal/services/analytics_service.go:354.2,356.28 3 1
github.com/mvirtai/clible-v3-go/internal/services/analytics_service.go:356.28,358.38 2 1
github.com/mvirtai/clible-v3-go/internal/services/analytics_service.go:358.38,361.4 2 1
github.com/mvirtai/clible-v3-go/internal/services/analytics_service.go:364.2,364.21 1 1
github.com/mvirtai/clible-v3-go/internal/services/analytics_service.go:364.21,366.3 1 0
github.com/mvirtai/clible-v3-go/internal/services/analytics_service.go:367.2,367.57 1 1
github.com/mvirtai/clible-v3-go/internal/services/analytics_service.go:370.69,371.24 1 1
github.com/mvirtai/clible-v3-go/internal/services/analytics_service.go:371.24,372.13 1 0
github.com/mvirtai/clible-v3-go/internal/services/analytics_service.go:372.13,374.4 1 0
github.com/mvirtai/clible-v3-go/internal/services/analytics_service.go:375.3,375.13 1 0
github.com/mvirtai/clible-v3-go/internal/services/analytics_service.go:378.2,381.20 4 1
github.com/mvirtai/clible-v3-go/internal/services/analytics_service.go:381.20,383.3 1 1
github.com/mvirtai/clible-v3-go/internal/services/analytics_service.go:385.2,385.26 1 1
github.com/mvirtai/clible-v3-go/internal/services/analytics_service.go:385.26,386.27 1 1
github.com/mvirtai/clible-v3-go/internal/services/analytics_service.go:386.27,387.24 1 1
github.com/mvirtai/clible-v3-go/internal/services/analytics_service.go:387.24,389.5 1 1
github.com/mvirtai/clible-v3-go/internal/services/analytics_service.go:389.10,391.30 2 1
github.com/mvirtai/clible-v3-go/internal/services/analytics_service.go:391.30,393.6 1 1
github.com/mvirtai/clible-v3-go/internal/services/analytics_service.go:398.2,399.44 2 1
github.com/mvirtai/clible-v3-go/internal/services/analytics_service.go:402.96,404.32 2 1
github.com/mvirtai/clible-v3-go/internal/services/analytics_service.go:404.32,406.50 2 1
github.com/mvirtai/clible-v3-go/internal/services/analytics_service.go:406.50,408.4 1 1
github.com/mvirtai/clible-v3-go/internal/services/analytics_service.go:409.3,409.59 1 1
github.com/mvirtai/clible-v3-go/internal/services/analytics_service.go:412.2,412.41 1 1
github.com/mvirtai/clible-v3-go/internal/services/analytics_service.go:412.41,413.41 1 1
github.com/mvirtai/clible-v3-go/internal/services/analytics_service.go:413.41,415.4 1 1
github.com/mvirtai/clible-v3-go/internal/services/analytics_service.go:416.3,416.41 1 1
github.com/mvirtai/clible-v3-go/internal/services/analytics_service.go:419.2,419.21 1 1
github.com/mvirtai/clible-v3-go/internal/services/analytics_service.go:419.21,421.3 1 0
github.com/mvirtai/clible-v3-go/internal/services/analytics_service.go:422.2,422.15 1 1
github.com/mvirtai/clible-v3-go/internal/services/analytics_service.go:425.83,426.24 1 1
github.com/mvirtai/clible-v3-go/internal/services/analytics_service.go:426.24,428.3 1 0
github.com/mvirtai/clible-v3-go/internal/services/analytics_service.go:430.2,431.41 2 1
github.com/mvirtai/clible-v3-go/internal/services/analytics_service.go:431.41,434.29 3 1
github.com/mvirtai/clible-v3-go/internal/services/analytics_service.go:434.29,435.51 1 1
github.com/mvirtai/clible-v3-go/internal/services/analytics_service.go:435.51,437.5 1 1
github.com/mvirtai/clible-v3-go/internal/services/analytics_service.go:437.10,439.5 1 1
github.com/mvirtai/clible-v3-go/internal/services/analytics_service.go:441.3,442.23 2 1
github.com/mvirtai/clible-v3-go/internal/services/analytics_service.go:445.2,445.48 1 1
github.com/mvirtai/clible-v3-go/internal/services/auth_service.go:24.81,29.2 1 0
github.com/mvirtai/clible-v3-go/internal/services/auth_service.go:36.95,38.16 2 0
github.com/mvirtai/clible-v3-go/internal/services/auth_service.go:38.16,40.3 1 0
github.com/mvirtai/clible-v3-go/internal/services/auth_service.go:41.2,41.25 1 0
github.com/mvirtai/clible-v3-go/internal/services/auth_service.go:41.25,43.3 1 0
github.com/mvirtai/clible-v3-go/internal/services/auth_service.go:45.2,47.16 3 0
github.com/mvirtai/clible-v3-go/internal/services/auth_service.go:47.16,49.3 1 0
github.com/mvirtai/clible-v3-go/internal/services/auth_service.go:51.2,57.53 2 0
github.com/mvirtai/clible-v3-go/internal/services/auth_service.go:57.53,59.3 1 0
github.com/mvirtai/clible-v3-go/internal/services/auth_service.go:61.2,61.18 1 0
github.com/mvirtai/clible-v3-go/internal/services/auth_service.go:64.100,66.16 2 0
github.com/mvirtai/clible-v3-go/internal/services/auth_service.go:66.16,68.3 1 0
github.com/mvirtai/clible-v3-go/internal/services/auth_service.go:69.2,69.17 1 0
github.com/mvirtai/clible-v3-go/internal/services/auth_service.go:69.17,71.3 1 0
github.com/mvirtai/clible-v3-go/internal/services/auth_service.go:73.2,74.16 2 0
github.com/mvirtai/clible-v3-go/internal/services/auth_service.go:74.16,76.3 1 0
github.com/mvirtai/clible-v3-go/internal/services/auth_service.go:78.2,79.16 2 0
github.com/mvirtai/clible-v3-go/internal/services/auth_service.go:79.16,81.3 1 0
github.com/mvirtai/clible-v3-go/internal/services/auth_service.go:83.2,83.25 1 0
github.com/mvirtai/clible-v3-go/internal/services/auth_service.go:86.68,101.16 5 0
github.com/mvirtai/clible-v3-go/internal/services/auth_service.go:101.16,103.3 1 0
github.com/mvirtai/clible-v3-go/internal/services/auth_service.go:105.2,105.25 1 0
github.com/mvirtai/clible-v3-go/internal/services/auth_service.go:108.73,110.101 2 0
github.com/mvirtai/clible-v3-go/internal/services/auth_service.go:110.101,111.58 1 0
github.com/mvirtai/clible-v3-go/internal/services/auth_service.go:111.58,113.4 1 0
github.com/mvirtai/clible-v3-go/internal/services/auth_service.go:114.3,114.26 1 0
github.com/mvirtai/clible-v3-go/internal/services/auth_service.go:117.2,117.16 1 0
github.com/mvirtai/clible-v3-go/internal/services/auth_service.go:117.16,119.3 1 0
github.com/mvirtai/clible-v3-go/internal/services/auth_service.go:121.2,121.18 1 0
github.com/mvirtai/clible-v3-go/internal/services/auth_service.go:121.18,123.3 1 0
github.com/mvirtai/clible-v3-go/internal/services/auth_service.go:125.2,125.27 1 0
github.com/mvirtai/clible-v3-go/internal/services/book_service.go:16.63,18.2 1 1
github.com/mvirtai/clible-v3-go/internal/services/book_service.go:21.79,23.2 1 1
github.com/mvirtai/clible-v3-go/internal/services/book_service.go:26.89,28.2 1 1
github.com/mvirtai/clible-v3-go/internal/services/cli_service.go:92.44,100.26 5 1
github.com/mvirtai/clible-v3-go/internal/services/cli_service.go:100.26,102.53 1 1
github.com/mvirtai/clible-v3-go/internal/services/cli_service.go:102.53,104.4 1 1
github.com/mvirtai/clible-v3-go/internal/services/cli_service.go:108.2,113.31 3 1
github.com/mvirtai/clible-v3-go/internal/services/cli_service.go:113.31,115.3 1 1
github.com/mvirtai/clible-v3-go/internal/services/cli_service.go:118.2,118.40 1 1
github.com/mvirtai/clible-v3-go/internal/services/cli_service.go:118.40,119.39 1 1
github.com/mvirtai/clible-v3-go/internal/services/cli_service.go:119.39,121.4 1 1
github.com/mvirtai/clible-v3-go/internal/services/cli_service.go:122.3,122.41 1 0
github.com/mvirtai/clible-v3-go/internal/services/cli_service.go:126.2,127.43 2 1
github.com/mvirtai/clible-v3-go/internal/services/cli_service.go:127.43,129.3 1 1
github.com/mvirtai/clible-v3-go/internal/services/cli_service.go:131.2,131.17 1 1
github.com/mvirtai/clible-v3-go/internal/services/cli_service.go:143.48,145.36 2 1
github.com/mvirtai/clible-v3-go/internal/services/cli_service.go:145.36,147.3 1 1
github.com/mvirtai/clible-v3-go/internal/services/cli_service.go:149.2,155.34 6 1
github.com/mvirtai/clible-v3-go/internal/services/cli_service.go:155.34,157.15 2 1
github.com/mvirtai/clible-v3-go/internal/services/cli_service.go:157.15,158.22 1 1
github.com/mvirtai/clible-v3-go/internal/services/cli_service.go:158.22,160.5 1 1
github.com/mvirtai/clible-v3-go/internal/services/cli_service.go:160.10,162.5 1 1
github.com/mvirtai/clible-v3-go/internal/services/cli_service.go:163.9,164.13 1 1
github.com/mvirtai/clible-v3-go/internal/services/cli_service.go:165.19,167.18 2 1
github.com/mvirtai/clible-v3-go/internal/services/cli_service.go:168.31,169.26 1 1
github.com/mvirtai/clible-v3-go/internal/services/cli_service.go:169.26,172.6 2 1
github.com/mvirtai/clible-v3-go/internal/services/cli_service.go:173.12,174.25 1 1
github.com/mvirtai/clible-v3-go/internal/services/cli_service.go:178.2,178.23 1 1
github.com/mvirtai/clible-v3-go/internal/services/cli_service.go:178.23,180.3 1 1
github.com/mvirtai/clible-v3-go/internal/services/cli_service.go:182.2,182.21 1 1
github.com/mvirtai/clible-v3-go/internal/services/cli_service.go:182.21,184.3 1 0
github.com/mvirtai/clible-v3-go/internal/services/cli_service.go:186.2,190.33 4 1
github.com/mvirtai/clible-v3-go/internal/services/cli_service.go:190.33,191.36 1 1
github.com/mvirtai/clible-v3-go/internal/services/cli_service.go:191.36,196.25 5 1
github.com/mvirtai/clible-v3-go/internal/services/cli_service.go:196.25,198.5 1 1
github.com/mvirtai/clible-v3-go/internal/services/cli_service.go:199.4,199.23 1 1
github.com/mvirtai/clible-v3-go/internal/services/cli_service.go:200.9,202.4 1 1
github.com/mvirtai/clible-v3-go/internal/services/cli_service.go:205.2,209.3 1 1
github.com/mvirtai/clible-v3-go/internal/services/cli_service.go:219.74,224.2 1 1
github.com/mvirtai/clible-v3-go/internal/services/cli_service.go:227.144,228.18 1 1
github.com/mvirtai/clible-v3-go/internal/services/cli_service.go:229.15,230.55 1 1
github.com/mvirtai/clible-v3-go/internal/services/cli_service.go:231.17,232.57 1 1
github.com/mvirtai/clible-v3-go/internal/services/cli_service.go:233.23,234.55 1 1
github.com/mvirtai/clible-v3-go/internal/services/cli_service.go:235.18,236.71 1 1
github.com/mvirtai/clible-v3-go/internal/services/cli_service.go:237.10,238.58 1 0
github.com/mvirtai/clible-v3-go/internal/services/cli_service.go:242.128,243.24 1 1
github.com/mvirtai/clible-v3-go/internal/services/cli_service.go:243.24,245.3 1 0
github.com/mvirtai/clible-v3-go/internal/services/cli_service.go:247.2,250.43 4 1
github.com/mvirtai/clible-v3-go/internal/services/cli_service.go:250.43,252.3 1 0
github.com/mvirtai/clible-v3-go/internal/services/cli_service.go:254.2,255.16 2 1
github.com/mvirtai/clible-v3-go/internal/services/cli_service.go:255.16,257.3 1 0
github.com/mvirtai/clible-v3-go/internal/services/cli_service.go:259.2,265.8 1 1
github.com/mvirtai/clible-v3-go/internal/services/cli_service.go:268.130,269.24 1 1
github.com/mvirtai/clible-v3-go/internal/services/cli_service.go:269.24,271.3 1 0
github.com/mvirtai/clible-v3-go/internal/services/cli_service.go:273.2,277.16 4 1
github.com/mvirtai/clible-v3-go/internal/services/cli_service.go:277.16,279.3 1 0
github.com/mvirtai/clible-v3-go/internal/services/cli_service.go:281.2,287.8 1 1
github.com/mvirtai/clible-v3-go/internal/services/cli_service.go:290.128,291.24 1 1
github.com/mvirtai/clible-v3-go/internal/services/cli_service.go:291.24,293.3 1 0
github.com/mvirtai/clible-v3-go/internal/services/cli_service.go:295.2,297.16 3 1
github.com/mvirtai/clible-v3-go/internal/services/cli_service.go:297.16,299.3 1 0
github.com/mvirtai/clible-v3-go/internal/services/cli_service.go:300.2,300.22 1 1
github.com/mvirtai/clible-v3-go/internal/services/cli_service.go:300.22,302.3 1 0
github.com/mvirtai/clible-v3-go/internal/services/cli_service.go:305.2,306.24 2 1
github.com/mvirtai/clible-v3-go/internal/services/cli_service.go:306.24,314.3 1 0
github.com/mvirtai/clible-v3-go/internal/services/cli_service.go:316.2,317.16 2 1
github.com/mvirtai/clible-v3-go/internal/services/cli_service.go:317.16,319.3 1 0
github.com/mvirtai/clible-v3-go/internal/services/cli_service.go:322.2,323.25 2 1
github.com/mvirtai/clible-v3-go/internal/services/cli_service.go:323.25,325.29 2 1
github.com/mvirtai/clible-v3-go/internal/services/cli_service.go:325.29,326.79 1 1
github.com/mvirtai/clible-v3-go/internal/services/cli_service.go:326.79,328.10 2 1
github.com/mvirtai/clible-v3-go/internal/services/cli_service.go:331.3,331.16 1 1
github.com/mvirtai/clible-v3-go/internal/services/cli_service.go:331.16,333.4 1 1
github.com/mvirtai/clible-v3-go/internal/services/cli_service.go:337.2,337.27 1 1
github.com/mvirtai/clible-v3-go/internal/services/cli_service.go:337.27,339.3 1 0
github.com/mvirtai/clible-v3-go/internal/services/cli_service.go:341.2,347.8 1 1
github.com/mvirtai/clible-v3-go/internal/services/cli_service.go:350.149,352.22 2 1
github.com/mvirtai/clible-v3-go/internal/services/cli_service.go:352.22,360.3 1 0
github.com/mvirtai/clible-v3-go/internal/services/cli_service.go:362.2,363.24 2 1
github.com/mvirtai/clible-v3-go/internal/services/cli_service.go:363.24,371.3 1 0
github.com/mvirtai/clible-v3-go/internal/services/cli_service.go:373.2,374.16 2 1
github.com/mvirtai/clible-v3-go/internal/services/cli_service.go:374.16,376.3 1 0
github.com/mvirtai/clible-v3-go/internal/services/cli_service.go:378.2,384.8 1 1
github.com/mvirtai/clible-v3-go/internal/services/notebook_service.go:24.130,30.2 1 1
github.com/mvirtai/clible-v3-go/internal/services/notebook_service.go:34.134,35.18 1 1
github.com/mvirtai/clible-v3-go/internal/services/notebook_service.go:35.18,37.3 1 1
github.com/mvirtai/clible-v3-go/internal/services/notebook_service.go:38.2,38.17 1 1
github.com/mvirtai/clible-v3-go/internal/services/notebook_service.go:38.17,40.3 1 1
github.com/mvirtai/clible-v3-go/internal/services/notebook_service.go:43.2,43.19 1 1
github.com/mvirtai/clible-v3-go/internal/services/notebook_service.go:43.19,45.17 2 1
github.com/mvirtai/clible-v3-go/internal/services/notebook_service.go:45.17,47.4 1 0
github.com/mvirtai/clible-v3-go/internal/services/notebook_service.go:48.3,48.19 1 1
github.com/mvirtai/clible-v3-go/internal/services/notebook_service.go:48.19,50.4 1 1
github.com/mvirtai/clible-v3-go/internal/services/notebook_service.go:53.2,63.47 2 1
github.com/mvirtai/clible-v3-go/internal/services/notebook_service.go:63.47,65.3 1 0
github.com/mvirtai/clible-v3-go/internal/services/notebook_service.go:67.2,67.16 1 1
github.com/mvirtai/clible-v3-go/internal/services/notebook_service.go:71.116,72.30 1 1
github.com/mvirtai/clible-v3-go/internal/services/notebook_service.go:72.30,74.3 1 0
github.com/mvirtai/clible-v3-go/internal/services/notebook_service.go:76.2,77.16 2 1
github.com/mvirtai/clible-v3-go/internal/services/notebook_service.go:77.16,79.3 1 0
github.com/mvirtai/clible-v3-go/internal/services/notebook_service.go:80.2,80.15 1 1
github.com/mvirtai/clible-v3-go/internal/services/notebook_service.go:80.15,82.3 1 1
github.com/mvirtai/clible-v3-go/internal/services/notebook_service.go:85.2,85.25 1 1
github.com/mvirtai/clible-v3-go/internal/services/notebook_service.go:85.25,87.3 1 1
github.com/mvirtai/clible-v3-go/internal/services/notebook_service.go:89.2,90.16 2 1
github.com/mvirtai/clible-v3-go/internal/services/notebook_service.go:90.16,92.3 1 0
github.com/mvirtai/clible-v3-go/internal/services/notebook_service.go:93.2,95.16 2 1
github.com/mvirtai/clible-v3-go/internal/services/notebook_service.go:99.112,100.14 1 1
github.com/mvirtai/clible-v3-go/internal/services/notebook_service.go:100.14,102.3 1 1
github.com/mvirtai/clible-v3-go/internal/services/notebook_service.go:103.2,103.18 1 1
github.com/mvirtai/clible-v3-go/internal/services/notebook_service.go:103.18,105.3 1 0
github.com/mvirtai/clible-v3-go/internal/services/notebook_service.go:106.2,106.43 1 1
github.com/mvirtai/clible-v3-go/internal/services/notebook_service.go:110.111,111.18 1 1
github.com/mvirtai/clible-v3-go/internal/services/notebook_service.go:111.18,113.3 1 1
github.com/mvirtai/clible-v3-go/internal/services/notebook_service.go:115.2,115.40 1 1
github.com/mvirtai/clible-v3-go/internal/services/notebook_service.go:119.109,121.2 1 1
github.com/mvirtai/clible-v3-go/internal/services/notebook_service.go:124.145,125.30 1 1
github.com/mvirtai/clible-v3-go/internal/services/notebook_service.go:125.30,127.3 1 0
github.com/mvirtai/clible-v3-go/internal/services/notebook_service.go:129.2,130.16 2 1
github.com/mvirtai/clible-v3-go/internal/services/notebook_service.go:130.16,132.3 1 0
github.com/mvirtai/clible-v3-go/internal/services/notebook_service.go:133.2,133.15 1 1
github.com/mvirtai/clible-v3-go/internal/services/notebook_service.go:133.15,135.3 1 0
github.com/mvirtai/clible-v3-go/internal/services/notebook_service.go:138.2,138.25 1 1
github.com/mvirtai/clible-v3-go/internal/services/notebook_service.go:138.25,140.3 1 1
github.com/mvirtai/clible-v3-go/internal/services/notebook_service.go:143.2,143.44 1 1
github.com/mvirtai/clible-v3-go/internal/services/notebook_service.go:143.44,145.17 2 1
github.com/mvirtai/clible-v3-go/internal/services/notebook_service.go:145.17,147.4 1 0
github.com/mvirtai/clible-v3-go/internal/services/notebook_service.go:148.3,148.19 1 1
github.com/mvirtai/clible-v3-go/internal/services/notebook_service.go:148.19,150.4 1 1
github.com/mvirtai/clible-v3-go/internal/services/notebook_service.go:153.2,153.17 1 1
github.com/mvirtai/clible-v3-go/internal/services/notebook_service.go:153.17,155.3 1 1
github.com/mvirtai/clible-v3-go/internal/services/notebook_service.go:156.2,159.47 3 1
github.com/mvirtai/clible-v3-go/internal/services/notebook_service.go:159.47,161.3 1 0
github.com/mvirtai/clible-v3-go/internal/services/notebook_service.go:163.2,163.16 1 1
github.com/mvirtai/clible-v3-go/internal/services/notebook_service.go:167.95,168.30 1 1
github.com/mvirtai/clible-v3-go/internal/services/notebook_service.go:168.30,170.3 1 0
github.com/mvirtai/clible-v3-go/internal/services/notebook_service.go:173.2,174.16 2 1
github.com/mvirtai/clible-v3-go/internal/services/notebook_service.go:174.16,176.3 1 0
github.com/mvirtai/clible-v3-go/internal/services/notebook_service.go:177.2,177.15 1 1
github.com/mvirtai/clible-v3-go/internal/services/notebook_service.go:177.15,179.3 1 1
github.com/mvirtai/clible-v3-go/internal/services/notebook_service.go:180.2,180.25 1 1
github.com/mvirtai/clible-v3-go/internal/services/notebook_service.go:180.25,182.3 1 1
github.com/mvirtai/clible-v3-go/internal/services/notebook_service.go:184.2,184.31 1 1
github.com/mvirtai/clible-v3-go/internal/services/notebook_service.go:188.127,189.38 1 1
github.com/mvirtai/clible-v3-go/internal/services/notebook_service.go:189.38,191.3 1 0
[...]
github.com/mvirtai/clible-v3-go/internal/api/auth_handler.go:77.16,81.3 3 0
github.com/mvirtai/clible-v3-go/internal/api/auth_handler.go:83.2,85.37 3 0
github.com/mvirtai/clible-v3-go/internal/api/auth_handler.go:88.69,90.33 2 0
github.com/mvirtai/clible-v3-go/internal/api/auth_handler.go:90.33,93.3 2 0
github.com/mvirtai/clible-v3-go/internal/api/auth_handler.go:95.2,96.61 2 0
github.com/mvirtai/clible-v3-go/internal/api/auth_handler.go:96.61,99.3 2 0
github.com/mvirtai/clible-v3-go/internal/api/auth_handler.go:101.2,102.16 2 0
github.com/mvirtai/clible-v3-go/internal/api/auth_handler.go:102.16,106.3 3 0
github.com/mvirtai/clible-v3-go/internal/api/auth_handler.go:108.2,109.37 2 0
github.com/mvirtai/clible-v3-go/internal/api/auth_handler.go:112.70,126.2 5 0
github.com/mvirtai/clible-v3-go/internal/api/auth_handler.go:128.66,131.16 3 0
github.com/mvirtai/clible-v3-go/internal/api/auth_handler.go:131.16,134.3 2 0
github.com/mvirtai/clible-v3-go/internal/api/auth_handler.go:136.2,137.16 2 0
github.com/mvirtai/clible-v3-go/internal/api/auth_handler.go:137.16,140.3 2 0
github.com/mvirtai/clible-v3-go/internal/api/auth_handler.go:142.2,143.31 2 0
github.com/mvirtai/clible-v3-go/internal/api/auth_handler.go:143.31,146.3 2 0
github.com/mvirtai/clible-v3-go/internal/api/auth_handler.go:148.2,148.37 1 0
github.com/mvirtai/clible-v3-go/internal/api/auth_handler.go:151.73,162.2 2 0
github.com/mvirtai/clible-v3-go/internal/api/auth_handler.go:164.46,165.23 1 0
github.com/mvirtai/clible-v3-go/internal/api/auth_handler.go:165.23,167.3 1 0
github.com/mvirtai/clible-v3-go/internal/api/auth_handler.go:169.2,170.29 2 0
github.com/mvirtai/clible-v3-go/internal/api/auth_handler.go:170.29,171.10 1 0
github.com/mvirtai/clible-v3-go/internal/api/auth_handler.go:172.29,173.19 1 0
github.com/mvirtai/clible-v3-go/internal/api/auth_handler.go:174.29,175.20 1 0
github.com/mvirtai/clible-v3-go/internal/api/auth_handler.go:176.29,176.29 0 0
github.com/mvirtai/clible-v3-go/internal/api/auth_handler.go:178.11,180.21 1 0
github.com/mvirtai/clible-v3-go/internal/api/auth_handler.go:184.2,184.15 1 0
github.com/mvirtai/clible-v3-go/internal/api/auth_handler.go:184.15,186.3 1 0
github.com/mvirtai/clible-v3-go/internal/api/auth_handler.go:187.2,187.16 1 0
github.com/mvirtai/clible-v3-go/internal/api/auth_handler.go:187.16,189.3 1 0
github.com/mvirtai/clible-v3-go/internal/api/auth_handler.go:190.2,190.17 1 0
github.com/mvirtai/clible-v3-go/internal/api/auth_handler.go:190.17,192.3 1 0
github.com/mvirtai/clible-v3-go/internal/api/auth_handler.go:194.2,194.12 1 0
github.com/mvirtai/clible-v3-go/internal/api/bible_handler.go:33.63,35.2 1 1
github.com/mvirtai/clible-v3-go/internal/api/bible_handler.go:38.85,45.36 5 1
github.com/mvirtai/clible-v3-go/internal/api/bible_handler.go:45.36,49.3 3 1
github.com/mvirtai/clible-v3-go/internal/api/bible_handler.go:52.2,53.16 2 1
github.com/mvirtai/clible-v3-go/internal/api/bible_handler.go:53.16,54.65 1 1
github.com/mvirtai/clible-v3-go/internal/api/bible_handler.go:54.65,58.4 3 1
github.com/mvirtai/clible-v3-go/internal/api/bible_handler.go:59.3,61.9 3 0
github.com/mvirtai/clible-v3-go/internal/api/bible_handler.go:65.2,70.29 4 1
github.com/mvirtai/clible-v3-go/internal/api/bible_handler.go:70.29,77.12 2 1
github.com/mvirtai/clible-v3-go/internal/api/bible_handler.go:77.12,79.4 1 0
github.com/mvirtai/clible-v3-go/internal/api/bible_handler.go:80.3,80.35 1 1
github.com/mvirtai/clible-v3-go/internal/api/bible_handler.go:83.2,91.41 3 1
github.com/mvirtai/clible-v3-go/internal/api/bible_handler.go:95.77,105.17 8 1
github.com/mvirtai/clible-v3-go/internal/api/bible_handler.go:105.17,109.3 3 1
github.com/mvirtai/clible-v3-go/internal/api/bible_handler.go:111.2,112.16 2 1
github.com/mvirtai/clible-v3-go/internal/api/bible_handler.go:112.16,116.3 3 1
github.com/mvirtai/clible-v3-go/internal/api/bible_handler.go:118.2,119.40 2 1
github.com/mvirtai/clible-v3-go/internal/api/book_handler.go:15.69,17.2 1 1
github.com/mvirtai/clible-v3-go/internal/api/book_handler.go:20.72,25.16 4 1
github.com/mvirtai/clible-v3-go/internal/api/book_handler.go:25.16,29.3 3 0
github.com/mvirtai/clible-v3-go/internal/api/book_handler.go:31.2,32.38 2 1
github.com/mvirtai/clible-v3-go/internal/api/book_handler.go:36.75,42.14 4 1
github.com/mvirtai/clible-v3-go/internal/api/book_handler.go:42.14,46.3 3 0
github.com/mvirtai/clible-v3-go/internal/api/book_handler.go:48.2,49.16 2 1
github.com/mvirtai/clible-v3-go/internal/api/book_handler.go:49.16,53.3 3 1
github.com/mvirtai/clible-v3-go/internal/api/book_handler.go:55.2,56.37 2 1
github.com/mvirtai/clible-v3-go/internal/api/history_handler.go:21.75,23.2 1 1
github.com/mvirtai/clible-v3-go/internal/api/history_handler.go:48.76,53.9 4 1
github.com/mvirtai/clible-v3-go/internal/api/history_handler.go:53.9,57.3 3 0
github.com/mvirtai/clible-v3-go/internal/api/history_handler.go:59.2,60.61 2 1
github.com/mvirtai/clible-v3-go/internal/api/history_handler.go:60.61,64.3 3 0
github.com/mvirtai/clible-v3-go/internal/api/history_handler.go:67.2,67.25 1 1
github.com/mvirtai/clible-v3-go/internal/api/history_handler.go:67.25,71.3 3 1
github.com/mvirtai/clible-v3-go/internal/api/history_handler.go:74.2,84.70 2 1
github.com/mvirtai/clible-v3-go/internal/api/history_handler.go:84.70,88.3 3 0
github.com/mvirtai/clible-v3-go/internal/api/history_handler.go:90.2,91.93 2 1
github.com/mvirtai/clible-v3-go/internal/api/history_handler.go:95.83,100.9 4 1
github.com/mvirtai/clible-v3-go/internal/api/history_handler.go:100.9,104.3 3 0
github.com/mvirtai/clible-v3-go/internal/api/history_handler.go:106.2,108.20 3 1
github.com/mvirtai/clible-v3-go/internal/api/history_handler.go:108.20,109.80 1 1
github.com/mvirtai/clible-v3-go/internal/api/history_handler.go:109.80,111.19 2 1
github.com/mvirtai/clible-v3-go/internal/api/history_handler.go:111.19,113.5 1 0
github.com/mvirtai/clible-v3-go/internal/api/history_handler.go:117.2,118.16 2 1
github.com/mvirtai/clible-v3-go/internal/api/history_handler.go:118.16,123.3 4 0
github.com/mvirtai/clible-v3-go/internal/api/history_handler.go:126.2,127.33 2 1
github.com/mvirtai/clible-v3-go/internal/api/history_handler.go:127.33,138.3 1 1
github.com/mvirtai/clible-v3-go/internal/api/history_handler.go:140.2,141.45 2 1
github.com/mvirtai/clible-v3-go/internal/api/notebook_handler.go:19.79,21.2 1 1
github.com/mvirtai/clible-v3-go/internal/api/notebook_handler.go:24.80,25.32 1 1
github.com/mvirtai/clible-v3-go/internal/api/notebook_handler.go:25.32,28.3 2 1
github.com/mvirtai/clible-v3-go/internal/api/notebook_handler.go:30.2,31.9 2 1
github.com/mvirtai/clible-v3-go/internal/api/notebook_handler.go:31.9,35.3 3 1
github.com/mvirtai/clible-v3-go/internal/api/notebook_handler.go:37.2,38.16 2 1
github.com/mvirtai/clible-v3-go/internal/api/notebook_handler.go:38.16,41.3 2 0
github.com/mvirtai/clible-v3-go/internal/api/notebook_handler.go:43.2,45.42 3 1
github.com/mvirtai/clible-v3-go/internal/api/notebook_handler.go:49.79,50.32 1 1
github.com/mvirtai/clible-v3-go/internal/api/notebook_handler.go:50.32,53.3 2 0
github.com/mvirtai/clible-v3-go/internal/api/notebook_handler.go:55.2,56.9 2 1
github.com/mvirtai/clible-v3-go/internal/api/notebook_handler.go:56.9,60.3 3 1
github.com/mvirtai/clible-v3-go/internal/api/notebook_handler.go:62.2,63.14 2 1
github.com/mvirtai/clible-v3-go/internal/api/notebook_handler.go:63.14,67.3 3 1
github.com/mvirtai/clible-v3-go/internal/api/notebook_handler.go:69.2,70.16 2 1
github.com/mvirtai/clible-v3-go/internal/api/notebook_handler.go:70.16,71.49 1 1
github.com/mvirtai/clible-v3-go/internal/api/notebook_handler.go:71.49,73.4 1 1
github.com/mvirtai/clible-v3-go/internal/api/notebook_handler.go:73.9,75.4 1 1
github.com/mvirtai/clible-v3-go/internal/api/notebook_handler.go:76.3,77.9 2 1
github.com/mvirtai/clible-v3-go/internal/api/notebook_handler.go:80.2,82.41 3 1
github.com/mvirtai/clible-v3-go/internal/api/notebook_handler.go:86.82,87.33 1 1
github.com/mvirtai/clible-v3-go/internal/api/notebook_handler.go:87.33,90.3 2 1
github.com/mvirtai/clible-v3-go/internal/api/notebook_handler.go:92.2,93.9 2 1
github.com/mvirtai/clible-v3-go/internal/api/notebook_handler.go:93.9,97.3 3 1
github.com/mvirtai/clible-v3-go/internal/api/notebook_handler.go:99.2,103.84 2 1
github.com/mvirtai/clible-v3-go/internal/api/notebook_handler.go:103.84,107.3 3 1
github.com/mvirtai/clible-v3-go/internal/api/notebook_handler.go:109.2,110.16 2 1
github.com/mvirtai/clible-v3-go/internal/api/notebook_handler.go:110.16,113.3 2 0
github.com/mvirtai/clible-v3-go/internal/api/notebook_handler.go:115.2,117.41 3 1
github.com/mvirtai/clible-v3-go/internal/api/notebook_handler.go:121.82,122.32 1 1
github.com/mvirtai/clible-v3-go/internal/api/notebook_handler.go:122.32,125.3 2 0
github.com/mvirtai/clible-v3-go/internal/api/notebook_handler.go:127.2,128.9 2 1
github.com/mvirtai/clible-v3-go/internal/api/notebook_handler.go:128.9,132.3 3 1
github.com/mvirtai/clible-v3-go/internal/api/notebook_handler.go:134.2,135.14 2 1
github.com/mvirtai/clible-v3-go/internal/api/notebook_handler.go:135.14,139.3 3 1
github.com/mvirtai/clible-v3-go/internal/api/notebook_handler.go:141.2,145.61 2 1
github.com/mvirtai/clible-v3-go/internal/api/notebook_handler.go:145.61,149.3 3 0
github.com/mvirtai/clible-v3-go/internal/api/notebook_handler.go:151.2,152.16 2 1
github.com/mvirtai/clible-v3-go/internal/api/notebook_handler.go:152.16,153.49 1 1
github.com/mvirtai/clible-v3-go/internal/api/notebook_handler.go:153.49,155.4 1 1
github.com/mvirtai/clible-v3-go/internal/api/notebook_handler.go:155.9,157.4 1 1
github.com/mvirtai/clible-v3-go/internal/api/notebook_handler.go:158.3,159.9 2 1
github.com/mvirtai/clible-v3-go/internal/api/notebook_handler.go:162.2,164.41 3 1
github.com/mvirtai/clible-v3-go/internal/api/notebook_handler.go:168.82,169.35 1 1
github.com/mvirtai/clible-v3-go/internal/api/notebook_handler.go:169.35,172.3 2 1
github.com/mvirtai/clible-v3-go/internal/api/notebook_handler.go:174.2,175.9 2 1
github.com/mvirtai/clible-v3-go/internal/api/notebook_handler.go:175.9,179.3 3 1
github.com/mvirtai/clible-v3-go/internal/api/notebook_handler.go:181.2,182.14 2 1
github.com/mvirtai/clible-v3-go/internal/api/notebook_handler.go:182.14,186.3 3 0
github.com/mvirtai/clible-v3-go/internal/api/notebook_handler.go:188.2,189.16 2 1
github.com/mvirtai/clible-v3-go/internal/api/notebook_handler.go:189.16,190.49 1 1
github.com/mvirtai/clible-v3-go/internal/api/notebook_handler.go:190.49,192.4 1 1
github.com/mvirtai/clible-v3-go/internal/api/notebook_handler.go:192.9,194.4 1 1
github.com/mvirtai/clible-v3-go/internal/api/notebook_handler.go:195.3,196.9 2 1
github.com/mvirtai/clible-v3-go/internal/api/notebook_handler.go:199.2,201.71 3 1
github.com/mvirtai/clible-v3-go/internal/api/notebook_handler.go:205.77,206.32 1 1
github.com/mvirtai/clible-v3-go/internal/api/notebook_handler.go:206.32,209.3 2 1
github.com/mvirtai/clible-v3-go/internal/api/notebook_handler.go:211.2,212.9 2 1
github.com/mvirtai/clible-v3-go/internal/api/notebook_handler.go:212.9,216.3 3 1
github.com/mvirtai/clible-v3-go/internal/api/notebook_handler.go:218.2,219.14 2 1
github.com/mvirtai/clible-v3-go/internal/api/notebook_handler.go:219.14,223.3 3 1
github.com/mvirtai/clible-v3-go/internal/api/notebook_handler.go:225.2,226.63 2 1
github.com/mvirtai/clible-v3-go/internal/api/notebook_handler.go:226.63,230.3 3 0
github.com/mvirtai/clible-v3-go/internal/api/notebook_handler.go:232.2,233.16 2 1
github.com/mvirtai/clible-v3-go/internal/api/notebook_handler.go:233.16,234.49 1 1
github.com/mvirtai/clible-v3-go/internal/api/notebook_handler.go:234.49,236.4 1 0
github.com/mvirtai/clible-v3-go/internal/api/notebook_handler.go:236.9,238.4 1 1
github.com/mvirtai/clible-v3-go/internal/api/notebook_handler.go:239.3,240.9 2 1
github.com/mvirtai/clible-v3-go/internal/api/notebook_handler.go:243.2,245.69 3 1
github.com/mvirtai/clible-v3-go/internal/api/notebook_handler.go:249.82,250.33 1 0
github.com/mvirtai/clible-v3-go/internal/api/notebook_handler.go:250.33,253.3 2 0
github.com/mvirtai/clible-v3-go/internal/api/notebook_handler.go:255.2,256.9 2 0
github.com/mvirtai/clible-v3-go/internal/api/notebook_handler.go:256.9,260.3 3 0
github.com/mvirtai/clible-v3-go/internal/api/notebook_handler.go:262.2,264.38 3 0
github.com/mvirtai/clible-v3-go/internal/api/notebook_handler.go:264.38,268.3 3 0
github.com/mvirtai/clible-v3-go/internal/api/notebook_handler.go:271.2,275.16 3 0
github.com/mvirtai/clible-v3-go/internal/api/notebook_handler.go:275.16,278.3 2 0
github.com/mvirtai/clible-v3-go/internal/api/notebook_handler.go:280.2,282.39 3 0
github.com/mvirtai/clible-v3-go/internal/api/notebook_handler.go:287.73,294.2 4 0
github.com/mvirtai/clible-v3-go/internal/api/scope_handler.go:19.63,21.2 1 1
github.com/mvirtai/clible-v3-go/internal/api/scope_handler.go:51.76,56.9 4 1
github.com/mvirtai/clible-v3-go/internal/api/scope_handler.go:56.9,60.3 3 0
github.com/mvirtai/clible-v3-go/internal/api/scope_handler.go:62.2,63.61 2 1
github.com/mvirtai/clible-v3-go/internal/api/scope_handler.go:63.61,67.3 3 1
github.com/mvirtai/clible-v3-go/internal/api/scope_handler.go:69.2,70.16 2 0
github.com/mvirtai/clible-v3-go/internal/api/scope_handler.go:70.16,74.3 3 0
github.com/mvirtai/clible-v3-go/internal/api/scope_handler.go:76.2,77.38 2 0
github.com/mvirtai/clible-v3-go/internal/api/scope_handler.go:81.74,86.9 4 0
github.com/mvirtai/clible-v3-go/internal/api/scope_handler.go:86.9,90.3 3 0
github.com/mvirtai/clible-v3-go/internal/api/scope_handler.go:92.2,93.16 2 0
github.com/mvirtai/clible-v3-go/internal/api/scope_handler.go:93.16,98.3 4 0
github.com/mvirtai/clible-v3-go/internal/api/scope_handler.go:100.2,101.39 2 0
github.com/mvirtai/clible-v3-go/internal/api/scope_handler.go:105.76,110.9 4 0
github.com/mvirtai/clible-v3-go/internal/api/scope_handler.go:110.9,114.3 3 0
github.com/mvirtai/clible-v3-go/internal/api/scope_handler.go:116.2,117.14 2 0
github.com/mvirtai/clible-v3-go/internal/api/scope_handler.go:117.14,121.3 3 0
github.com/mvirtai/clible-v3-go/internal/api/scope_handler.go:123.2,123.68 1 0
github.com/mvirtai/clible-v3-go/internal/api/scope_handler.go:123.68,127.3 3 0
github.com/mvirtai/clible-v3-go/internal/api/scope_handler.go:129.2,130.71 2 0
github.com/mvirtai/clible-v3-go/internal/api/scope_handler.go:134.75,139.61 4 0
github.com/mvirtai/clible-v3-go/internal/api/scope_handler.go:139.61,143.3 3 0
github.com/mvirtai/clible-v3-go/internal/api/scope_handler.go:145.2,155.68 2 0
github.com/mvirtai/clible-v3-go/internal/api/scope_handler.go:155.68,159.3 3 0
github.com/mvirtai/clible-v3-go/internal/api/scope_handler.go:161.2,162.43 2 0
github.com/mvirtai/clible-v3-go/internal/api/scope_handler.go:166.77,171.61 4 0
github.com/mvirtai/clible-v3-go/internal/api/scope_handler.go:171.61,175.3 3 0
github.com/mvirtai/clible-v3-go/internal/api/scope_handler.go:177.2,187.72 2 0
github.com/mvirtai/clible-v3-go/internal/api/scope_handler.go:187.72,191.3 3 0
github.com/mvirtai/clible-v3-go/internal/api/scope_handler.go:193.2,194.45 2 0
github.com/mvirtai/clible-v3-go/internal/api/scope_handler.go:198.82,203.9 4 0
github.com/mvirtai/clible-v3-go/internal/api/scope_handler.go:203.9,207.3 3 0
github.com/mvirtai/clible-v3-go/internal/api/scope_handler.go:209.2,210.14 2 0
github.com/mvirtai/clible-v3-go/internal/api/scope_handler.go:210.14,214.3 3 0
github.com/mvirtai/clible-v3-go/internal/api/scope_handler.go:216.2,217.16 2 0
github.com/mvirtai/clible-v3-go/internal/api/scope_handler.go:217.16,222.3 4 0
github.com/mvirtai/clible-v3-go/internal/api/scope_handler.go:224.2,225.42 2 0
github.com/mvirtai/clible-v3-go/internal/api/scope_handler.go:235.76,240.9 4 1
github.com/mvirtai/clible-v3-go/internal/api/scope_handler.go:240.9,244.3 3 0
github.com/mvirtai/clible-v3-go/internal/api/scope_handler.go:246.2,247.61 2 1
github.com/mvirtai/clible-v3-go/internal/api/scope_handler.go:247.61,251.3 3 1
github.com/mvirtai/clible-v3-go/internal/api/scope_handler.go:253.2,253.82 1 0
github.com/mvirtai/clible-v3-go/internal/api/scope_handler.go:253.82,257.3 3 0
github.com/mvirtai/clible-v3-go/internal/api/scope_handler.go:259.2,260.71 2 0
github.com/mvirtai/clible-v3-go/internal/api/scope_handler.go:264.77,269.9 4 1
github.com/mvirtai/clible-v3-go/internal/api/scope_handler.go:269.9,273.3 3 0
github.com/mvirtai/clible-v3-go/internal/api/scope_handler.go:275.2,276.14 2 1
github.com/mvirtai/clible-v3-go/internal/api/scope_handler.go:276.14,280.3 3 1
github.com/mvirtai/clible-v3-go/internal/api/scope_handler.go:282.2,282.69 1 0
github.com/mvirtai/clible-v3-go/internal/api/scope_handler.go:282.69,286.3 3 0
github.com/mvirtai/clible-v3-go/internal/api/scope_handler.go:288.2,289.71 2 0
github.com/mvirtai/clible-v3-go/internal/api/scope_handler.go:299.77,304.9 4 1
github.com/mvirtai/clible-v3-go/internal/api/scope_handler.go:304.9,308.3 3 0
github.com/mvirtai/clible-v3-go/internal/api/scope_handler.go:310.2,311.61 2 1
github.com/mvirtai/clible-v3-go/internal/api/scope_handler.go:311.61,315.3 3 1
github.com/mvirtai/clible-v3-go/internal/api/scope_handler.go:317.2,317.83 1 0
github.com/mvirtai/clible-v3-go/internal/api/scope_handler.go:317.83,321.3 3 0
github.com/mvirtai/clible-v3-go/internal/api/scope_handler.go:323.2,324.71 2 0
github.com/mvirtai/clible-v3-go/internal/api/scope_handler.go:328.79,333.9 4 1
github.com/mvirtai/clible-v3-go/internal/api/scope_handler.go:333.9,337.3 3 0
github.com/mvirtai/clible-v3-go/internal/api/scope_handler.go:339.2,340.14 2 1
github.com/mvirtai/clible-v3-go/internal/api/scope_handler.go:340.14,344.3 3 1
github.com/mvirtai/clible-v3-go/internal/api/scope_handler.go:346.2,346.71 1 0
github.com/mvirtai/clible-v3-go/internal/api/scope_handler.go:346.71,350.3 3 0
github.com/mvirtai/clible-v3-go/internal/api/scope_handler.go:352.2,353.71 2 0
github.com/mvirtai/clible-v3-go/internal/api/scope_handler.go:357.79,362.9 4 1
github.com/mvirtai/clible-v3-go/internal/api/scope_handler.go:362.9,366.3 3 0
github.com/mvirtai/clible-v3-go/internal/api/scope_handler.go:368.2,369.61 2 1
github.com/mvirtai/clible-v3-go/internal/api/scope_handler.go:369.61,373.3 3 1
github.com/mvirtai/clible-v3-go/internal/api/scope_handler.go:375.2,375.85 1 0
github.com/mvirtai/clible-v3-go/internal/api/scope_handler.go:375.85,379.3 3 0
github.com/mvirtai/clible-v3-go/internal/api/scope_handler.go:381.2,382.71 2 0
github.com/mvirtai/clible-v3-go/internal/api/translation_handler.go:17.80,19.2 1 1
github.com/mvirtai/clible-v3-go/internal/api/translation_handler.go:23.86,27.9 3 1
github.com/mvirtai/clible-v3-go/internal/api/translation_handler.go:27.9,31.3 3 0
github.com/mvirtai/clible-v3-go/internal/api/translation_handler.go:33.2,34.16 2 1
github.com/mvirtai/clible-v3-go/internal/api/translation_handler.go:34.16,38.3 3 1
github.com/mvirtai/clible-v3-go/internal/api/translation_handler.go:40.2,41.45 2 1
github.com/mvirtai/clible-v3-go/internal/api/translation_handler.go:51.86,55.9 3 1
github.com/mvirtai/clible-v3-go/internal/api/translation_handler.go:55.9,59.3 3 0
github.com/mvirtai/clible-v3-go/internal/api/translation_handler.go:61.2,62.88 2 1
github.com/mvirtai/clible-v3-go/internal/api/translation_handler.go:62.88,66.3 3 1
github.com/mvirtai/clible-v3-go/internal/api/translation_handler.go:68.2,68.91 1 1
github.com/mvirtai/clible-v3-go/internal/api/translation_handler.go:68.91,72.3 3 1
github.com/mvirtai/clible-v3-go/internal/api/translation_handler.go:74.2,75.98 2 1
github.com/mvirtai/clible-v3-go/internal/api/translation_handler.go:80.88,84.9 3 1
github.com/mvirtai/clible-v3-go/internal/api/translation_handler.go:84.9,88.3 3 0
github.com/mvirtai/clible-v3-go/internal/api/translation_handler.go:90.2,91.88 2 1
github.com/mvirtai/clible-v3-go/internal/api/translation_handler.go:91.88,95.3 3 0
github.com/mvirtai/clible-v3-go/internal/api/translation_handler.go:97.2,97.93 1 1
github.com/mvirtai/clible-v3-go/internal/api/translation_handler.go:97.93,101.3 3 0
github.com/mvirtai/clible-v3-go/internal/api/translation_handler.go:103.2,103.37 1 1
